2024-09-01 19:17:59,001 : utils-readcaptcha - get_captcha_imgtostr - 16 - DEBUG : A4NqU
2024-09-01 19:18:11,467 : utils-readcaptcha - get_captcha_imgtostr - 16 - DEBUG : 9ZPkq9
2024-09-01 19:18:11,467 : utils-readcaptcha - get_captcha_imgtostr - 16 - DEBUG : 9ZPkq9
2024-09-01 19:18:23,499 : utils-readcaptcha - get_captcha_imgtostr - 16 - DEBUG : QH4TJR
2024-09-01 19:18:23,499 : utils-readcaptcha - get_captcha_imgtostr - 16 - DEBUG : QH4TJR
2024-09-01 19:18:23,499 : utils-readcaptcha - get_captcha_imgtostr - 16 - DEBUG : QH4TJR
2024-09-01 19:18:54,492 : utils-readcaptcha - get_captcha_imgtostr - 16 - DEBUG : rNmMg
2024-09-01 19:18:54,492 : utils-readcaptcha - get_captcha_imgtostr - 16 - DEBUG : rNmMg
2024-09-01 19:18:54,492 : utils-readcaptcha - get_captcha_imgtostr - 16 - DEBUG : rNmMg
2024-09-01 19:18:54,492 : utils-readcaptcha - get_captcha_imgtostr - 16 - DEBUG : rNmMg
2024-09-01 19:34:18,135 : utils-readcaptcha - get_captcha_imgtostr - 16 - DEBUG : N4t=
2024-09-01 19:34:25,152 : utils-readcaptcha - get_captcha_imgtostr - 16 - DEBUG : Grdw
2024-09-01 19:34:25,152 : utils-readcaptcha - get_captcha_imgtostr - 16 - DEBUG : Grdw
2024-09-01 19:34:31,621 : utils-readcaptcha - get_captcha_imgtostr - 16 - DEBUG : nMkt
2024-09-01 19:34:31,621 : utils-readcaptcha - get_captcha_imgtostr - 16 - DEBUG : nMkt
2024-09-01 19:34:31,621 : utils-readcaptcha - get_captcha_imgtostr - 16 - DEBUG : nMkt
2024-09-01 19:34:37,636 : utils-readcaptcha - get_captcha_imgtostr - 16 - DEBUG : Y bDP
2024-09-01 19:34:37,636 : utils-readcaptcha - get_captcha_imgtostr - 16 - DEBUG : Y bDP
2024-09-01 19:34:37,636 : utils-readcaptcha - get_captcha_imgtostr - 16 - DEBUG : Y bDP
2024-09-01 19:34:37,636 : utils-readcaptcha - get_captcha_imgtostr - 16 - DEBUG : Y bDP
2024-09-02 15:21:40,419 : utils-readcaptcha - get_captcha_imgtostr - 16 - DEBUG : arYg
2024-09-02 15:21:48,401 : utils-readcaptcha - get_captcha_imgtostr - 16 - DEBUG : h@T XX
2024-09-02 15:21:48,401 : utils-readcaptcha - get_captcha_imgtostr - 16 - DEBUG : h@T XX
2024-09-02 15:21:55,031 : utils-readcaptcha - get_captcha_imgtostr - 16 - DEBUG : JXFF
2024-09-02 15:21:55,031 : utils-readcaptcha - get_captcha_imgtostr - 16 - DEBUG : JXFF
2024-09-02 15:21:55,031 : utils-readcaptcha - get_captcha_imgtostr - 16 - DEBUG : JXFF
2024-09-02 15:22:03,197 : utils-readcaptcha - get_captcha_imgtostr - 16 - DEBUG : bm=3
2024-09-02 15:22:03,197 : utils-readcaptcha - get_captcha_imgtostr - 16 - DEBUG : bm=3
2024-09-02 15:22:03,197 : utils-readcaptcha - get_captcha_imgtostr - 16 - DEBUG : bm=3
2024-09-02 15:22:03,197 : utils-readcaptcha - get_captcha_imgtostr - 16 - DEBUG : bm=3
2024-09-02 15:22:10,596 : utils-readcaptcha - get_captcha_imgtostr - 16 - DEBUG : aNMg
2024-09-02 15:22:10,596 : utils-readcaptcha - get_captcha_imgtostr - 16 - DEBUG : aNMg
2024-09-02 15:22:10,596 : utils-readcaptcha - get_captcha_imgtostr - 16 - DEBUG : aNMg
2024-09-02 15:22:10,596 : utils-readcaptcha - get_captcha_imgtostr - 16 - DEBUG : aNMg
2024-09-02 15:22:10,596 : utils-readcaptcha - get_captcha_imgtostr - 16 - DEBUG : aNMg
2024-09-02 15:22:17,896 : utils-readcaptcha - get_captcha_imgtostr - 16 - DEBUG : VFXVa4
2024-09-02 15:22:17,896 : utils-readcaptcha - get_captcha_imgtostr - 16 - DEBUG : VFXVa4
2024-09-02 15:22:17,896 : utils-readcaptcha - get_captcha_imgtostr - 16 - DEBUG : VFXVa4
2024-09-02 15:22:17,896 : utils-readcaptcha - get_captcha_imgtostr - 16 - DEBUG : VFXVa4
2024-09-02 15:22:17,896 : utils-readcaptcha - get_captcha_imgtostr - 16 - DEBUG : VFXVa4
2024-09-02 15:22:17,896 : utils-readcaptcha - get_captcha_imgtostr - 16 - DEBUG : VFXVa4
2024-09-02 15:22:25,244 : utils-readcaptcha - get_captcha_imgtostr - 16 - DEBUG : HhXD
2024-09-02 15:22:25,244 : utils-readcaptcha - get_captcha_imgtostr - 16 - DEBUG : HhXD
2024-09-02 15:22:25,244 : utils-readcaptcha - get_captcha_imgtostr - 16 - DEBUG : HhXD
2024-09-02 15:22:25,244 : utils-readcaptcha - get_captcha_imgtostr - 16 - DEBUG : HhXD
2024-09-02 15:22:25,244 : utils-readcaptcha - get_captcha_imgtostr - 16 - DEBUG : HhXD
2024-09-02 15:22:25,244 : utils-readcaptcha - get_captcha_imgtostr - 16 - DEBUG : HhXD
2024-09-02 15:22:25,244 : utils-readcaptcha - get_captcha_imgtostr - 16 - DEBUG : HhXD
2024-09-02 15:22:33,127 : utils-readcaptcha - get_captcha_imgtostr - 16 - DEBUG : AV RAL LIA
2024-09-02 15:22:33,127 : utils-readcaptcha - get_captcha_imgtostr - 16 - DEBUG : AV RAL LIA
2024-09-02 15:22:33,127 : utils-readcaptcha - get_captcha_imgtostr - 16 - DEBUG : AV RAL LIA
2024-09-02 15:22:33,127 : utils-readcaptcha - get_captcha_imgtostr - 16 - DEBUG : AV RAL LIA
2024-09-02 15:22:33,127 : utils-readcaptcha - get_captcha_imgtostr - 16 - DEBUG : AV RAL LIA
2024-09-02 15:22:33,127 : utils-readcaptcha - get_captcha_imgtostr - 16 - DEBUG : AV RAL LIA
2024-09-02 15:22:33,127 : utils-readcaptcha - get_captcha_imgtostr - 16 - DEBUG : AV RAL LIA
2024-09-02 15:22:33,127 : utils-readcaptcha - get_captcha_imgtostr - 16 - DEBUG : AV RAL LIA
2024-09-02 15:22:40,012 : utils-readcaptcha - get_captcha_imgtostr - 16 - DEBUG : Pr9LH9
2024-09-02 15:22:40,012 : utils-readcaptcha - get_captcha_imgtostr - 16 - DEBUG : Pr9LH9
2024-09-02 15:22:40,012 : utils-readcaptcha - get_captcha_imgtostr - 16 - DEBUG : Pr9LH9
2024-09-02 15:22:40,012 : utils-readcaptcha - get_captcha_imgtostr - 16 - DEBUG : Pr9LH9
2024-09-02 15:22:40,012 : utils-readcaptcha - get_captcha_imgtostr - 16 - DEBUG : Pr9LH9
2024-09-02 15:22:40,012 : utils-readcaptcha - get_captcha_imgtostr - 16 - DEBUG : Pr9LH9
2024-09-02 15:22:40,012 : utils-readcaptcha - get_captcha_imgtostr - 16 - DEBUG : Pr9LH9
2024-09-02 15:22:40,012 : utils-readcaptcha - get_captcha_imgtostr - 16 - DEBUG : Pr9LH9
2024-09-02 15:22:40,012 : utils-readcaptcha - get_captcha_imgtostr - 16 - DEBUG : Pr9LH9
2024-09-02 15:22:46,775 : utils-readcaptcha - get_captcha_imgtostr - 16 - DEBUG : KZ6fX
2024-09-02 15:22:46,775 : utils-readcaptcha - get_captcha_imgtostr - 16 - DEBUG : KZ6fX
2024-09-02 15:22:46,775 : utils-readcaptcha - get_captcha_imgtostr - 16 - DEBUG : KZ6fX
2024-09-02 15:22:46,775 : utils-readcaptcha - get_captcha_imgtostr - 16 - DEBUG : KZ6fX
2024-09-02 15:22:46,775 : utils-readcaptcha - get_captcha_imgtostr - 16 - DEBUG : KZ6fX
2024-09-02 15:22:46,775 : utils-readcaptcha - get_captcha_imgtostr - 16 - DEBUG : KZ6fX
2024-09-02 15:22:46,775 : utils-readcaptcha - get_captcha_imgtostr - 16 - DEBUG : KZ6fX
2024-09-02 15:22:46,775 : utils-readcaptcha - get_captcha_imgtostr - 16 - DEBUG : KZ6fX
2024-09-02 15:22:46,775 : utils-readcaptcha - get_captcha_imgtostr - 16 - DEBUG : KZ6fX
2024-09-02 15:22:46,775 : utils-readcaptcha - get_captcha_imgtostr - 16 - DEBUG : KZ6fX
2024-09-02 15:22:53,342 : utils-readcaptcha - get_captcha_imgtostr - 16 - DEBUG : Kuq4Kk
2024-09-02 15:22:53,342 : utils-readcaptcha - get_captcha_imgtostr - 16 - DEBUG : Kuq4Kk
2024-09-02 15:22:53,342 : utils-readcaptcha - get_captcha_imgtostr - 16 - DEBUG : Kuq4Kk
2024-09-02 15:22:53,342 : utils-readcaptcha - get_captcha_imgtostr - 16 - DEBUG : Kuq4Kk
2024-09-02 15:22:53,342 : utils-readcaptcha - get_captcha_imgtostr - 16 - DEBUG : Kuq4Kk
2024-09-02 15:22:53,342 : utils-readcaptcha - get_captcha_imgtostr - 16 - DEBUG : Kuq4Kk
2024-09-02 15:22:53,342 : utils-readcaptcha - get_captcha_imgtostr - 16 - DEBUG : Kuq4Kk
2024-09-02 15:22:53,342 : utils-readcaptcha - get_captcha_imgtostr - 16 - DEBUG : Kuq4Kk
2024-09-02 15:22:53,342 : utils-readcaptcha - get_captcha_imgtostr - 16 - DEBUG : Kuq4Kk
2024-09-02 15:22:53,342 : utils-readcaptcha - get_captcha_imgtostr - 16 - DEBUG : Kuq4Kk
2024-09-02 15:22:53,342 : utils-readcaptcha - get_captcha_imgtostr - 16 - DEBUG : Kuq4Kk
2024-09-02 15:23:00,191 : utils-readcaptcha - get_captcha_imgtostr - 16 - DEBUG : 
2024-09-02 15:23:00,191 : utils-readcaptcha - get_captcha_imgtostr - 16 - DEBUG : 
2024-09-02 15:23:00,191 : utils-readcaptcha - get_captcha_imgtostr - 16 - DEBUG : 
2024-09-02 15:23:00,191 : utils-readcaptcha - get_captcha_imgtostr - 16 - DEBUG : 
2024-09-02 15:23:00,191 : utils-readcaptcha - get_captcha_imgtostr - 16 - DEBUG : 
2024-09-02 15:23:00,191 : utils-readcaptcha - get_captcha_imgtostr - 16 - DEBUG : 
2024-09-02 15:23:00,191 : utils-readcaptcha - get_captcha_imgtostr - 16 - DEBUG : 
2024-09-02 15:23:00,191 : utils-readcaptcha - get_captcha_imgtostr - 16 - DEBUG : 
2024-09-02 15:23:00,191 : utils-readcaptcha - get_captcha_imgtostr - 16 - DEBUG : 
2024-09-02 15:23:00,191 : utils-readcaptcha - get_captcha_imgtostr - 16 - DEBUG : 
2024-09-02 15:23:00,191 : utils-readcaptcha - get_captcha_imgtostr - 16 - DEBUG : 
2024-09-02 15:23:00,191 : utils-readcaptcha - get_captcha_imgtostr - 16 - DEBUG : 
2024-09-02 15:23:06,628 : utils-readcaptcha - get_captcha_imgtostr - 16 - DEBUG : 767)
2024-09-02 15:23:06,628 : utils-readcaptcha - get_captcha_imgtostr - 16 - DEBUG : 767)
2024-09-02 15:23:06,628 : utils-readcaptcha - get_captcha_imgtostr - 16 - DEBUG : 767)
2024-09-02 15:23:06,628 : utils-readcaptcha - get_captcha_imgtostr - 16 - DEBUG : 767)
2024-09-02 15:23:06,628 : utils-readcaptcha - get_captcha_imgtostr - 16 - DEBUG : 767)
2024-09-02 15:23:06,628 : utils-readcaptcha - get_captcha_imgtostr - 16 - DEBUG : 767)
2024-09-02 15:23:06,628 : utils-readcaptcha - get_captcha_imgtostr - 16 - DEBUG : 767)
2024-09-02 15:23:06,628 : utils-readcaptcha - get_captcha_imgtostr - 16 - DEBUG : 767)
2024-09-02 15:23:06,628 : utils-readcaptcha - get_captcha_imgtostr - 16 - DEBUG : 767)
2024-09-02 15:23:06,628 : utils-readcaptcha - get_captcha_imgtostr - 16 - DEBUG : 767)
2024-09-02 15:23:06,628 : utils-readcaptcha - get_captcha_imgtostr - 16 - DEBUG : 767)
2024-09-02 15:23:06,628 : utils-readcaptcha - get_captcha_imgtostr - 16 - DEBUG : 767)
2024-09-02 15:23:06,628 : utils-readcaptcha - get_captcha_imgtostr - 16 - DEBUG : 767)
2024-09-02 15:23:13,890 : utils-readcaptcha - get_captcha_imgtostr - 16 - DEBUG : 3Eutu
2024-09-02 15:23:13,890 : utils-readcaptcha - get_captcha_imgtostr - 16 - DEBUG : 3Eutu
2024-09-02 15:23:13,890 : utils-readcaptcha - get_captcha_imgtostr - 16 - DEBUG : 3Eutu
2024-09-02 15:23:13,890 : utils-readcaptcha - get_captcha_imgtostr - 16 - DEBUG : 3Eutu
2024-09-02 15:23:13,890 : utils-readcaptcha - get_captcha_imgtostr - 16 - DEBUG : 3Eutu
2024-09-02 15:23:13,890 : utils-readcaptcha - get_captcha_imgtostr - 16 - DEBUG : 3Eutu
2024-09-02 15:23:13,890 : utils-readcaptcha - get_captcha_imgtostr - 16 - DEBUG : 3Eutu
2024-09-02 15:23:13,890 : utils-readcaptcha - get_captcha_imgtostr - 16 - DEBUG : 3Eutu
2024-09-02 15:23:13,890 : utils-readcaptcha - get_captcha_imgtostr - 16 - DEBUG : 3Eutu
2024-09-02 15:23:13,890 : utils-readcaptcha - get_captcha_imgtostr - 16 - DEBUG : 3Eutu
2024-09-02 15:23:13,890 : utils-readcaptcha - get_captcha_imgtostr - 16 - DEBUG : 3Eutu
2024-09-02 15:23:13,890 : utils-readcaptcha - get_captcha_imgtostr - 16 - DEBUG : 3Eutu
2024-09-02 15:23:13,890 : utils-readcaptcha - get_captcha_imgtostr - 16 - DEBUG : 3Eutu
2024-09-02 15:23:13,890 : utils-readcaptcha - get_captcha_imgtostr - 16 - DEBUG : 3Eutu
2024-09-02 15:23:21,654 : utils-readcaptcha - get_captcha_imgtostr - 16 - DEBUG : HnaxXtF
2024-09-02 15:23:21,654 : utils-readcaptcha - get_captcha_imgtostr - 16 - DEBUG : HnaxXtF
2024-09-02 15:23:21,654 : utils-readcaptcha - get_captcha_imgtostr - 16 - DEBUG : HnaxXtF
2024-09-02 15:23:21,654 : utils-readcaptcha - get_captcha_imgtostr - 16 - DEBUG : HnaxXtF
2024-09-02 15:23:21,654 : utils-readcaptcha - get_captcha_imgtostr - 16 - DEBUG : HnaxXtF
2024-09-02 15:23:21,654 : utils-readcaptcha - get_captcha_imgtostr - 16 - DEBUG : HnaxXtF
2024-09-02 15:23:21,654 : utils-readcaptcha - get_captcha_imgtostr - 16 - DEBUG : HnaxXtF
2024-09-02 15:23:21,654 : utils-readcaptcha - get_captcha_imgtostr - 16 - DEBUG : HnaxXtF
2024-09-02 15:23:21,654 : utils-readcaptcha - get_captcha_imgtostr - 16 - DEBUG : HnaxXtF
2024-09-02 15:23:21,654 : utils-readcaptcha - get_captcha_imgtostr - 16 - DEBUG : HnaxXtF
2024-09-02 15:23:21,654 : utils-readcaptcha - get_captcha_imgtostr - 16 - DEBUG : HnaxXtF
2024-09-02 15:23:21,654 : utils-readcaptcha - get_captcha_imgtostr - 16 - DEBUG : HnaxXtF
2024-09-02 15:23:21,654 : utils-readcaptcha - get_captcha_imgtostr - 16 - DEBUG : HnaxXtF
2024-09-02 15:23:21,654 : utils-readcaptcha - get_captcha_imgtostr - 16 - DEBUG : HnaxXtF
2024-09-02 15:23:21,654 : utils-readcaptcha - get_captcha_imgtostr - 16 - DEBUG : HnaxXtF
2024-09-02 15:23:28,306 : utils-readcaptcha - get_captcha_imgtostr - 16 - DEBUG : GD6uGY
2024-09-02 15:23:28,306 : utils-readcaptcha - get_captcha_imgtostr - 16 - DEBUG : GD6uGY
2024-09-02 15:23:28,306 : utils-readcaptcha - get_captcha_imgtostr - 16 - DEBUG : GD6uGY
2024-09-02 15:23:28,306 : utils-readcaptcha - get_captcha_imgtostr - 16 - DEBUG : GD6uGY
2024-09-02 15:23:28,306 : utils-readcaptcha - get_captcha_imgtostr - 16 - DEBUG : GD6uGY
2024-09-02 15:23:28,306 : utils-readcaptcha - get_captcha_imgtostr - 16 - DEBUG : GD6uGY
2024-09-02 15:23:28,306 : utils-readcaptcha - get_captcha_imgtostr - 16 - DEBUG : GD6uGY
2024-09-02 15:23:28,306 : utils-readcaptcha - get_captcha_imgtostr - 16 - DEBUG : GD6uGY
2024-09-02 15:23:28,306 : utils-readcaptcha - get_captcha_imgtostr - 16 - DEBUG : GD6uGY
2024-09-02 15:23:28,306 : utils-readcaptcha - get_captcha_imgtostr - 16 - DEBUG : GD6uGY
2024-09-02 15:23:28,306 : utils-readcaptcha - get_captcha_imgtostr - 16 - DEBUG : GD6uGY
2024-09-02 15:23:28,306 : utils-readcaptcha - get_captcha_imgtostr - 16 - DEBUG : GD6uGY
2024-09-02 15:23:28,306 : utils-readcaptcha - get_captcha_imgtostr - 16 - DEBUG : GD6uGY
2024-09-02 15:23:28,306 : utils-readcaptcha - get_captcha_imgtostr - 16 - DEBUG : GD6uGY
2024-09-02 15:23:28,306 : utils-readcaptcha - get_captcha_imgtostr - 16 - DEBUG : GD6uGY
2024-09-02 15:23:28,306 : utils-readcaptcha - get_captcha_imgtostr - 16 - DEBUG : GD6uGY
2024-09-02 16:46:11,067 : utils-readcaptcha - get_captcha_imgtostr - 16 - DEBUG : qn4Zz
2024-09-02 16:46:18,448 : utils-readcaptcha - get_captcha_imgtostr - 16 - DEBUG : rVkK7Nk
2024-09-02 16:46:18,448 : utils-readcaptcha - get_captcha_imgtostr - 16 - DEBUG : rVkK7Nk
2024-09-02 16:46:26,182 : utils-readcaptcha - get_captcha_imgtostr - 16 - DEBUG : ZgkFtF
2024-09-02 16:46:26,182 : utils-readcaptcha - get_captcha_imgtostr - 16 - DEBUG : ZgkFtF
2024-09-02 16:46:26,182 : utils-readcaptcha - get_captcha_imgtostr - 16 - DEBUG : ZgkFtF
2024-09-02 16:46:33,613 : utils-readcaptcha - get_captcha_imgtostr - 16 - DEBUG : VrgUet
2024-09-02 16:46:33,613 : utils-readcaptcha - get_captcha_imgtostr - 16 - DEBUG : VrgUet
2024-09-02 16:46:33,613 : utils-readcaptcha - get_captcha_imgtostr - 16 - DEBUG : VrgUet
2024-09-02 16:46:33,613 : utils-readcaptcha - get_captcha_imgtostr - 16 - DEBUG : VrgUet
2024-09-02 16:46:40,578 : utils-readcaptcha - get_captcha_imgtostr - 16 - DEBUG : n36bq
2024-09-02 16:46:40,578 : utils-readcaptcha - get_captcha_imgtostr - 16 - DEBUG : n36bq
2024-09-02 16:46:40,578 : utils-readcaptcha - get_captcha_imgtostr - 16 - DEBUG : n36bq
2024-09-02 16:46:40,578 : utils-readcaptcha - get_captcha_imgtostr - 16 - DEBUG : n36bq
2024-09-02 16:46:40,578 : utils-readcaptcha - get_captcha_imgtostr - 16 - DEBUG : n36bq
2024-09-02 16:46:46,798 : utils-readcaptcha - get_captcha_imgtostr - 16 - DEBUG : rofk3
2024-09-02 16:46:46,798 : utils-readcaptcha - get_captcha_imgtostr - 16 - DEBUG : rofk3
2024-09-02 16:46:46,798 : utils-readcaptcha - get_captcha_imgtostr - 16 - DEBUG : rofk3
2024-09-02 16:46:46,798 : utils-readcaptcha - get_captcha_imgtostr - 16 - DEBUG : rofk3
2024-09-02 16:46:46,798 : utils-readcaptcha - get_captcha_imgtostr - 16 - DEBUG : rofk3
2024-09-02 16:46:46,798 : utils-readcaptcha - get_captcha_imgtostr - 16 - DEBUG : rofk3
2024-09-02 16:46:53,311 : utils-readcaptcha - get_captcha_imgtostr - 16 - DEBUG : UTGG
2024-09-02 16:46:53,311 : utils-readcaptcha - get_captcha_imgtostr - 16 - DEBUG : UTGG
2024-09-02 16:46:53,311 : utils-readcaptcha - get_captcha_imgtostr - 16 - DEBUG : UTGG
2024-09-02 16:46:53,311 : utils-readcaptcha - get_captcha_imgtostr - 16 - DEBUG : UTGG
2024-09-02 16:46:53,311 : utils-readcaptcha - get_captcha_imgtostr - 16 - DEBUG : UTGG
2024-09-02 16:46:53,311 : utils-readcaptcha - get_captcha_imgtostr - 16 - DEBUG : UTGG
2024-09-02 16:46:53,311 : utils-readcaptcha - get_captcha_imgtostr - 16 - DEBUG : UTGG
2024-09-02 16:47:00,859 : utils-readcaptcha - get_captcha_imgtostr - 16 - DEBUG : bRtqy V
2024-09-02 16:47:00,859 : utils-readcaptcha - get_captcha_imgtostr - 16 - DEBUG : bRtqy V
2024-09-02 16:47:00,859 : utils-readcaptcha - get_captcha_imgtostr - 16 - DEBUG : bRtqy V
2024-09-02 16:47:00,859 : utils-readcaptcha - get_captcha_imgtostr - 16 - DEBUG : bRtqy V
2024-09-02 16:47:00,859 : utils-readcaptcha - get_captcha_imgtostr - 16 - DEBUG : bRtqy V
2024-09-02 16:47:00,859 : utils-readcaptcha - get_captcha_imgtostr - 16 - DEBUG : bRtqy V
2024-09-02 16:47:00,859 : utils-readcaptcha - get_captcha_imgtostr - 16 - DEBUG : bRtqy V
2024-09-02 16:47:00,859 : utils-readcaptcha - get_captcha_imgtostr - 16 - DEBUG : bRtqy V
2024-09-02 16:47:07,292 : utils-readcaptcha - get_captcha_imgtostr - 16 - DEBUG : 
2024-09-02 16:47:07,292 : utils-readcaptcha - get_captcha_imgtostr - 16 - DEBUG : 
2024-09-02 16:47:07,292 : utils-readcaptcha - get_captcha_imgtostr - 16 - DEBUG : 
2024-09-02 16:47:07,292 : utils-readcaptcha - get_captcha_imgtostr - 16 - DEBUG : 
2024-09-02 16:47:07,292 : utils-readcaptcha - get_captcha_imgtostr - 16 - DEBUG : 
2024-09-02 16:47:07,292 : utils-readcaptcha - get_captcha_imgtostr - 16 - DEBUG : 
2024-09-02 16:47:07,292 : utils-readcaptcha - get_captcha_imgtostr - 16 - DEBUG : 
2024-09-02 16:47:07,292 : utils-readcaptcha - get_captcha_imgtostr - 16 - DEBUG : 
2024-09-02 16:47:07,292 : utils-readcaptcha - get_captcha_imgtostr - 16 - DEBUG : 
2024-09-02 16:47:14,490 : utils-readcaptcha - get_captcha_imgtostr - 16 - DEBUG : fmgY
2024-09-02 16:47:14,490 : utils-readcaptcha - get_captcha_imgtostr - 16 - DEBUG : fmgY
2024-09-02 16:47:14,490 : utils-readcaptcha - get_captcha_imgtostr - 16 - DEBUG : fmgY
2024-09-02 16:47:14,490 : utils-readcaptcha - get_captcha_imgtostr - 16 - DEBUG : fmgY
2024-09-02 16:47:14,490 : utils-readcaptcha - get_captcha_imgtostr - 16 - DEBUG : fmgY
2024-09-02 16:47:14,490 : utils-readcaptcha - get_captcha_imgtostr - 16 - DEBUG : fmgY
2024-09-02 16:47:14,490 : utils-readcaptcha - get_captcha_imgtostr - 16 - DEBUG : fmgY
2024-09-02 16:47:14,490 : utils-readcaptcha - get_captcha_imgtostr - 16 - DEBUG : fmgY
2024-09-02 16:47:14,490 : utils-readcaptcha - get_captcha_imgtostr - 16 - DEBUG : fmgY
2024-09-02 16:47:14,490 : utils-readcaptcha - get_captcha_imgtostr - 16 - DEBUG : fmgY
2024-09-02 16:47:22,205 : utils-readcaptcha - get_captcha_imgtostr - 16 - DEBUG : 3MeQ
2024-09-02 16:47:22,205 : utils-readcaptcha - get_captcha_imgtostr - 16 - DEBUG : 3MeQ
2024-09-02 16:47:22,205 : utils-readcaptcha - get_captcha_imgtostr - 16 - DEBUG : 3MeQ
2024-09-02 16:47:22,205 : utils-readcaptcha - get_captcha_imgtostr - 16 - DEBUG : 3MeQ
2024-09-02 16:47:22,205 : utils-readcaptcha - get_captcha_imgtostr - 16 - DEBUG : 3MeQ
2024-09-02 16:47:22,205 : utils-readcaptcha - get_captcha_imgtostr - 16 - DEBUG : 3MeQ
2024-09-02 16:47:22,205 : utils-readcaptcha - get_captcha_imgtostr - 16 - DEBUG : 3MeQ
2024-09-02 16:47:22,205 : utils-readcaptcha - get_captcha_imgtostr - 16 - DEBUG : 3MeQ
2024-09-02 16:47:22,205 : utils-readcaptcha - get_captcha_imgtostr - 16 - DEBUG : 3MeQ
2024-09-02 16:47:22,205 : utils-readcaptcha - get_captcha_imgtostr - 16 - DEBUG : 3MeQ
2024-09-02 16:47:22,205 : utils-readcaptcha - get_captcha_imgtostr - 16 - DEBUG : 3MeQ
2024-09-02 16:47:30,239 : utils-readcaptcha - get_captcha_imgtostr - 16 - DEBUG : g4RhZE
2024-09-02 16:47:30,239 : utils-readcaptcha - get_captcha_imgtostr - 16 - DEBUG : g4RhZE
2024-09-02 16:47:30,239 : utils-readcaptcha - get_captcha_imgtostr - 16 - DEBUG : g4RhZE
2024-09-02 16:47:30,239 : utils-readcaptcha - get_captcha_imgtostr - 16 - DEBUG : g4RhZE
2024-09-02 16:47:30,239 : utils-readcaptcha - get_captcha_imgtostr - 16 - DEBUG : g4RhZE
2024-09-02 16:47:30,239 : utils-readcaptcha - get_captcha_imgtostr - 16 - DEBUG : g4RhZE
2024-09-02 16:47:30,239 : utils-readcaptcha - get_captcha_imgtostr - 16 - DEBUG : g4RhZE
2024-09-02 16:47:30,239 : utils-readcaptcha - get_captcha_imgtostr - 16 - DEBUG : g4RhZE
2024-09-02 16:47:30,239 : utils-readcaptcha - get_captcha_imgtostr - 16 - DEBUG : g4RhZE
2024-09-02 16:47:30,239 : utils-readcaptcha - get_captcha_imgtostr - 16 - DEBUG : g4RhZE
2024-09-02 16:47:30,239 : utils-readcaptcha - get_captcha_imgtostr - 16 - DEBUG : g4RhZE
2024-09-02 16:47:30,239 : utils-readcaptcha - get_captcha_imgtostr - 16 - DEBUG : g4RhZE
2024-09-02 16:47:37,614 : utils-readcaptcha - get_captcha_imgtostr - 16 - DEBUG : 
2024-09-02 16:47:37,614 : utils-readcaptcha - get_captcha_imgtostr - 16 - DEBUG : 
2024-09-02 16:47:37,614 : utils-readcaptcha - get_captcha_imgtostr - 16 - DEBUG : 
2024-09-02 16:47:37,614 : utils-readcaptcha - get_captcha_imgtostr - 16 - DEBUG : 
2024-09-02 16:47:37,614 : utils-readcaptcha - get_captcha_imgtostr - 16 - DEBUG : 
2024-09-02 16:47:37,614 : utils-readcaptcha - get_captcha_imgtostr - 16 - DEBUG : 
2024-09-02 16:47:37,614 : utils-readcaptcha - get_captcha_imgtostr - 16 - DEBUG : 
2024-09-02 16:47:37,614 : utils-readcaptcha - get_captcha_imgtostr - 16 - DEBUG : 
2024-09-02 16:47:37,614 : utils-readcaptcha - get_captcha_imgtostr - 16 - DEBUG : 
2024-09-02 16:47:37,614 : utils-readcaptcha - get_captcha_imgtostr - 16 - DEBUG : 
2024-09-02 16:47:37,614 : utils-readcaptcha - get_captcha_imgtostr - 16 - DEBUG : 
2024-09-02 16:47:37,614 : utils-readcaptcha - get_captcha_imgtostr - 16 - DEBUG : 
2024-09-02 16:47:37,614 : utils-readcaptcha - get_captcha_imgtostr - 16 - DEBUG : 
2024-09-02 16:47:44,872 : utils-readcaptcha - get_captcha_imgtostr - 16 - DEBUG : 9r34DZ
2024-09-02 16:47:44,872 : utils-readcaptcha - get_captcha_imgtostr - 16 - DEBUG : 9r34DZ
2024-09-02 16:47:44,872 : utils-readcaptcha - get_captcha_imgtostr - 16 - DEBUG : 9r34DZ
2024-09-02 16:47:44,872 : utils-readcaptcha - get_captcha_imgtostr - 16 - DEBUG : 9r34DZ
2024-09-02 16:47:44,872 : utils-readcaptcha - get_captcha_imgtostr - 16 - DEBUG : 9r34DZ
2024-09-02 16:47:44,872 : utils-readcaptcha - get_captcha_imgtostr - 16 - DEBUG : 9r34DZ
2024-09-02 16:47:44,872 : utils-readcaptcha - get_captcha_imgtostr - 16 - DEBUG : 9r34DZ
2024-09-02 16:47:44,872 : utils-readcaptcha - get_captcha_imgtostr - 16 - DEBUG : 9r34DZ
2024-09-02 16:47:44,872 : utils-readcaptcha - get_captcha_imgtostr - 16 - DEBUG : 9r34DZ
2024-09-02 16:47:44,872 : utils-readcaptcha - get_captcha_imgtostr - 16 - DEBUG : 9r34DZ
2024-09-02 16:47:44,872 : utils-readcaptcha - get_captcha_imgtostr - 16 - DEBUG : 9r34DZ
2024-09-02 16:47:44,872 : utils-readcaptcha - get_captcha_imgtostr - 16 - DEBUG : 9r34DZ
2024-09-02 16:47:44,872 : utils-readcaptcha - get_captcha_imgtostr - 16 - DEBUG : 9r34DZ
2024-09-02 16:47:44,872 : utils-readcaptcha - get_captcha_imgtostr - 16 - DEBUG : 9r34DZ
2024-09-02 16:47:52,541 : utils-readcaptcha - get_captcha_imgtostr - 16 - DEBUG : a6untN
2024-09-02 16:47:52,541 : utils-readcaptcha - get_captcha_imgtostr - 16 - DEBUG : a6untN
2024-09-02 16:47:52,541 : utils-readcaptcha - get_captcha_imgtostr - 16 - DEBUG : a6untN
2024-09-02 16:47:52,541 : utils-readcaptcha - get_captcha_imgtostr - 16 - DEBUG : a6untN
2024-09-02 16:47:52,541 : utils-readcaptcha - get_captcha_imgtostr - 16 - DEBUG : a6untN
2024-09-02 16:47:52,541 : utils-readcaptcha - get_captcha_imgtostr - 16 - DEBUG : a6untN
2024-09-02 16:47:52,541 : utils-readcaptcha - get_captcha_imgtostr - 16 - DEBUG : a6untN
2024-09-02 16:47:52,541 : utils-readcaptcha - get_captcha_imgtostr - 16 - DEBUG : a6untN
2024-09-02 16:47:52,541 : utils-readcaptcha - get_captcha_imgtostr - 16 - DEBUG : a6untN
2024-09-02 16:47:52,541 : utils-readcaptcha - get_captcha_imgtostr - 16 - DEBUG : a6untN
2024-09-02 16:47:52,541 : utils-readcaptcha - get_captcha_imgtostr - 16 - DEBUG : a6untN
2024-09-02 16:47:52,541 : utils-readcaptcha - get_captcha_imgtostr - 16 - DEBUG : a6untN
2024-09-02 16:47:52,541 : utils-readcaptcha - get_captcha_imgtostr - 16 - DEBUG : a6untN
2024-09-02 16:47:52,541 : utils-readcaptcha - get_captcha_imgtostr - 16 - DEBUG : a6untN
2024-09-02 16:47:52,541 : utils-readcaptcha - get_captcha_imgtostr - 16 - DEBUG : a6untN
2024-09-02 16:48:00,137 : utils-readcaptcha - get_captcha_imgtostr - 16 - DEBUG : aaUfH
2024-09-02 16:48:00,137 : utils-readcaptcha - get_captcha_imgtostr - 16 - DEBUG : aaUfH
2024-09-02 16:48:00,137 : utils-readcaptcha - get_captcha_imgtostr - 16 - DEBUG : aaUfH
2024-09-02 16:48:00,137 : utils-readcaptcha - get_captcha_imgtostr - 16 - DEBUG : aaUfH
2024-09-02 16:48:00,137 : utils-readcaptcha - get_captcha_imgtostr - 16 - DEBUG : aaUfH
2024-09-02 16:48:00,137 : utils-readcaptcha - get_captcha_imgtostr - 16 - DEBUG : aaUfH
2024-09-02 16:48:00,137 : utils-readcaptcha - get_captcha_imgtostr - 16 - DEBUG : aaUfH
2024-09-02 16:48:00,137 : utils-readcaptcha - get_captcha_imgtostr - 16 - DEBUG : aaUfH
2024-09-02 16:48:00,137 : utils-readcaptcha - get_captcha_imgtostr - 16 - DEBUG : aaUfH
2024-09-02 16:48:00,137 : utils-readcaptcha - get_captcha_imgtostr - 16 - DEBUG : aaUfH
2024-09-02 16:48:00,137 : utils-readcaptcha - get_captcha_imgtostr - 16 - DEBUG : aaUfH
2024-09-02 16:48:00,137 : utils-readcaptcha - get_captcha_imgtostr - 16 - DEBUG : aaUfH
2024-09-02 16:48:00,137 : utils-readcaptcha - get_captcha_imgtostr - 16 - DEBUG : aaUfH
2024-09-02 16:48:00,137 : utils-readcaptcha - get_captcha_imgtostr - 16 - DEBUG : aaUfH
2024-09-02 16:48:00,137 : utils-readcaptcha - get_captcha_imgtostr - 16 - DEBUG : aaUfH
2024-09-02 16:48:00,137 : utils-readcaptcha - get_captcha_imgtostr - 16 - DEBUG : aaUfH
2024-09-02 16:48:07,056 : utils-readcaptcha - get_captcha_imgtostr - 16 - DEBUG : e7ZP3
2024-09-02 16:48:07,056 : utils-readcaptcha - get_captcha_imgtostr - 16 - DEBUG : e7ZP3
2024-09-02 16:48:07,056 : utils-readcaptcha - get_captcha_imgtostr - 16 - DEBUG : e7ZP3
2024-09-02 16:48:07,056 : utils-readcaptcha - get_captcha_imgtostr - 16 - DEBUG : e7ZP3
2024-09-02 16:48:07,056 : utils-readcaptcha - get_captcha_imgtostr - 16 - DEBUG : e7ZP3
2024-09-02 16:48:07,056 : utils-readcaptcha - get_captcha_imgtostr - 16 - DEBUG : e7ZP3
2024-09-02 16:48:07,056 : utils-readcaptcha - get_captcha_imgtostr - 16 - DEBUG : e7ZP3
2024-09-02 16:48:07,056 : utils-readcaptcha - get_captcha_imgtostr - 16 - DEBUG : e7ZP3
2024-09-02 16:48:07,056 : utils-readcaptcha - get_captcha_imgtostr - 16 - DEBUG : e7ZP3
2024-09-02 16:48:07,056 : utils-readcaptcha - get_captcha_imgtostr - 16 - DEBUG : e7ZP3
2024-09-02 16:48:07,056 : utils-readcaptcha - get_captcha_imgtostr - 16 - DEBUG : e7ZP3
2024-09-02 16:48:07,056 : utils-readcaptcha - get_captcha_imgtostr - 16 - DEBUG : e7ZP3
2024-09-02 16:48:07,056 : utils-readcaptcha - get_captcha_imgtostr - 16 - DEBUG : e7ZP3
2024-09-02 16:48:07,056 : utils-readcaptcha - get_captcha_imgtostr - 16 - DEBUG : e7ZP3
2024-09-02 16:48:07,056 : utils-readcaptcha - get_captcha_imgtostr - 16 - DEBUG : e7ZP3
2024-09-02 16:48:07,056 : utils-readcaptcha - get_captcha_imgtostr - 16 - DEBUG : e7ZP3
2024-09-02 16:48:07,056 : utils-readcaptcha - get_captcha_imgtostr - 16 - DEBUG : e7ZP3
2024-09-02 16:48:15,300 : utils-readcaptcha - get_captcha_imgtostr - 16 - DEBUG : rXV6
2024-09-02 16:48:15,300 : utils-readcaptcha - get_captcha_imgtostr - 16 - DEBUG : rXV6
2024-09-02 16:48:15,300 : utils-readcaptcha - get_captcha_imgtostr - 16 - DEBUG : rXV6
2024-09-02 16:48:15,300 : utils-readcaptcha - get_captcha_imgtostr - 16 - DEBUG : rXV6
2024-09-02 16:48:15,300 : utils-readcaptcha - get_captcha_imgtostr - 16 - DEBUG : rXV6
2024-09-02 16:48:15,300 : utils-readcaptcha - get_captcha_imgtostr - 16 - DEBUG : rXV6
2024-09-02 16:48:15,300 : utils-readcaptcha - get_captcha_imgtostr - 16 - DEBUG : rXV6
2024-09-02 16:48:15,300 : utils-readcaptcha - get_captcha_imgtostr - 16 - DEBUG : rXV6
2024-09-02 16:48:15,300 : utils-readcaptcha - get_captcha_imgtostr - 16 - DEBUG : rXV6
2024-09-02 16:48:15,300 : utils-readcaptcha - get_captcha_imgtostr - 16 - DEBUG : rXV6
2024-09-02 16:48:15,300 : utils-readcaptcha - get_captcha_imgtostr - 16 - DEBUG : rXV6
2024-09-02 16:48:15,300 : utils-readcaptcha - get_captcha_imgtostr - 16 - DEBUG : rXV6
2024-09-02 16:48:15,300 : utils-readcaptcha - get_captcha_imgtostr - 16 - DEBUG : rXV6
2024-09-02 16:48:15,300 : utils-readcaptcha - get_captcha_imgtostr - 16 - DEBUG : rXV6
2024-09-02 16:48:15,300 : utils-readcaptcha - get_captcha_imgtostr - 16 - DEBUG : rXV6
2024-09-02 16:48:15,300 : utils-readcaptcha - get_captcha_imgtostr - 16 - DEBUG : rXV6
2024-09-02 16:48:15,300 : utils-readcaptcha - get_captcha_imgtostr - 16 - DEBUG : rXV6
2024-09-02 16:48:15,300 : utils-readcaptcha - get_captcha_imgtostr - 16 - DEBUG : rXV6
2024-09-02 16:48:22,832 : utils-readcaptcha - get_captcha_imgtostr - 16 - DEBUG : @N9ue
2024-09-02 16:48:22,832 : utils-readcaptcha - get_captcha_imgtostr - 16 - DEBUG : @N9ue
2024-09-02 16:48:22,832 : utils-readcaptcha - get_captcha_imgtostr - 16 - DEBUG : @N9ue
2024-09-02 16:48:22,832 : utils-readcaptcha - get_captcha_imgtostr - 16 - DEBUG : @N9ue
2024-09-02 16:48:22,832 : utils-readcaptcha - get_captcha_imgtostr - 16 - DEBUG : @N9ue
2024-09-02 16:48:22,832 : utils-readcaptcha - get_captcha_imgtostr - 16 - DEBUG : @N9ue
2024-09-02 16:48:22,832 : utils-readcaptcha - get_captcha_imgtostr - 16 - DEBUG : @N9ue
2024-09-02 16:48:22,832 : utils-readcaptcha - get_captcha_imgtostr - 16 - DEBUG : @N9ue
2024-09-02 16:48:22,832 : utils-readcaptcha - get_captcha_imgtostr - 16 - DEBUG : @N9ue
2024-09-02 16:48:22,832 : utils-readcaptcha - get_captcha_imgtostr - 16 - DEBUG : @N9ue
2024-09-02 16:48:22,832 : utils-readcaptcha - get_captcha_imgtostr - 16 - DEBUG : @N9ue
2024-09-02 16:48:22,832 : utils-readcaptcha - get_captcha_imgtostr - 16 - DEBUG : @N9ue
2024-09-02 16:48:22,832 : utils-readcaptcha - get_captcha_imgtostr - 16 - DEBUG : @N9ue
2024-09-02 16:48:22,832 : utils-readcaptcha - get_captcha_imgtostr - 16 - DEBUG : @N9ue
2024-09-02 16:48:22,832 : utils-readcaptcha - get_captcha_imgtostr - 16 - DEBUG : @N9ue
2024-09-02 16:48:22,832 : utils-readcaptcha - get_captcha_imgtostr - 16 - DEBUG : @N9ue
2024-09-02 16:48:22,832 : utils-readcaptcha - get_captcha_imgtostr - 16 - DEBUG : @N9ue
2024-09-02 16:48:22,832 : utils-readcaptcha - get_captcha_imgtostr - 16 - DEBUG : @N9ue
2024-09-02 16:48:22,832 : utils-readcaptcha - get_captcha_imgtostr - 16 - DEBUG : @N9ue
2024-09-02 16:48:33,932 : utils-readcaptcha - get_captcha_imgtostr - 16 - DEBUG : hrEHuK
2024-09-02 16:48:33,932 : utils-readcaptcha - get_captcha_imgtostr - 16 - DEBUG : hrEHuK
2024-09-02 16:48:33,932 : utils-readcaptcha - get_captcha_imgtostr - 16 - DEBUG : hrEHuK
2024-09-02 16:48:33,932 : utils-readcaptcha - get_captcha_imgtostr - 16 - DEBUG : hrEHuK
2024-09-02 16:48:33,932 : utils-readcaptcha - get_captcha_imgtostr - 16 - DEBUG : hrEHuK
2024-09-02 16:48:33,932 : utils-readcaptcha - get_captcha_imgtostr - 16 - DEBUG : hrEHuK
2024-09-02 16:48:33,932 : utils-readcaptcha - get_captcha_imgtostr - 16 - DEBUG : hrEHuK
2024-09-02 16:48:33,932 : utils-readcaptcha - get_captcha_imgtostr - 16 - DEBUG : hrEHuK
2024-09-02 16:48:33,932 : utils-readcaptcha - get_captcha_imgtostr - 16 - DEBUG : hrEHuK
2024-09-02 16:48:33,932 : utils-readcaptcha - get_captcha_imgtostr - 16 - DEBUG : hrEHuK
2024-09-02 16:48:33,932 : utils-readcaptcha - get_captcha_imgtostr - 16 - DEBUG : hrEHuK
2024-09-02 16:48:33,932 : utils-readcaptcha - get_captcha_imgtostr - 16 - DEBUG : hrEHuK
2024-09-02 16:48:33,932 : utils-readcaptcha - get_captcha_imgtostr - 16 - DEBUG : hrEHuK
2024-09-02 16:48:33,932 : utils-readcaptcha - get_captcha_imgtostr - 16 - DEBUG : hrEHuK
2024-09-02 16:48:33,932 : utils-readcaptcha - get_captcha_imgtostr - 16 - DEBUG : hrEHuK
2024-09-02 16:48:33,932 : utils-readcaptcha - get_captcha_imgtostr - 16 - DEBUG : hrEHuK
2024-09-02 16:48:33,932 : utils-readcaptcha - get_captcha_imgtostr - 16 - DEBUG : hrEHuK
2024-09-02 16:48:33,932 : utils-readcaptcha - get_captcha_imgtostr - 16 - DEBUG : hrEHuK
2024-09-02 16:48:33,932 : utils-readcaptcha - get_captcha_imgtostr - 16 - DEBUG : hrEHuK
2024-09-02 16:48:33,932 : utils-readcaptcha - get_captcha_imgtostr - 16 - DEBUG : hrEHuK
2024-09-02 16:48:42,427 : utils-readcaptcha - get_captcha_imgtostr - 16 - DEBUG : 7r6a
2024-09-02 16:48:42,427 : utils-readcaptcha - get_captcha_imgtostr - 16 - DEBUG : 7r6a
2024-09-02 16:48:42,427 : utils-readcaptcha - get_captcha_imgtostr - 16 - DEBUG : 7r6a
2024-09-02 16:48:42,427 : utils-readcaptcha - get_captcha_imgtostr - 16 - DEBUG : 7r6a
2024-09-02 16:48:42,427 : utils-readcaptcha - get_captcha_imgtostr - 16 - DEBUG : 7r6a
2024-09-02 16:48:42,427 : utils-readcaptcha - get_captcha_imgtostr - 16 - DEBUG : 7r6a
2024-09-02 16:48:42,427 : utils-readcaptcha - get_captcha_imgtostr - 16 - DEBUG : 7r6a
2024-09-02 16:48:42,427 : utils-readcaptcha - get_captcha_imgtostr - 16 - DEBUG : 7r6a
2024-09-02 16:48:42,427 : utils-readcaptcha - get_captcha_imgtostr - 16 - DEBUG : 7r6a
2024-09-02 16:48:42,427 : utils-readcaptcha - get_captcha_imgtostr - 16 - DEBUG : 7r6a
2024-09-02 16:48:42,427 : utils-readcaptcha - get_captcha_imgtostr - 16 - DEBUG : 7r6a
2024-09-02 16:48:42,427 : utils-readcaptcha - get_captcha_imgtostr - 16 - DEBUG : 7r6a
2024-09-02 16:48:42,427 : utils-readcaptcha - get_captcha_imgtostr - 16 - DEBUG : 7r6a
2024-09-02 16:48:42,427 : utils-readcaptcha - get_captcha_imgtostr - 16 - DEBUG : 7r6a
2024-09-02 16:48:42,427 : utils-readcaptcha - get_captcha_imgtostr - 16 - DEBUG : 7r6a
2024-09-02 16:48:42,427 : utils-readcaptcha - get_captcha_imgtostr - 16 - DEBUG : 7r6a
2024-09-02 16:48:42,427 : utils-readcaptcha - get_captcha_imgtostr - 16 - DEBUG : 7r6a
2024-09-02 16:48:42,427 : utils-readcaptcha - get_captcha_imgtostr - 16 - DEBUG : 7r6a
2024-09-02 16:48:42,427 : utils-readcaptcha - get_captcha_imgtostr - 16 - DEBUG : 7r6a
2024-09-02 16:48:42,427 : utils-readcaptcha - get_captcha_imgtostr - 16 - DEBUG : 7r6a
2024-09-02 16:48:42,427 : utils-readcaptcha - get_captcha_imgtostr - 16 - DEBUG : 7r6a
2024-09-02 16:48:49,794 : utils-readcaptcha - get_captcha_imgtostr - 16 - DEBUG : 3n@Y rF
2024-09-02 16:48:49,794 : utils-readcaptcha - get_captcha_imgtostr - 16 - DEBUG : 3n@Y rF
2024-09-02 16:48:49,794 : utils-readcaptcha - get_captcha_imgtostr - 16 - DEBUG : 3n@Y rF
2024-09-02 16:48:49,794 : utils-readcaptcha - get_captcha_imgtostr - 16 - DEBUG : 3n@Y rF
2024-09-02 16:48:49,794 : utils-readcaptcha - get_captcha_imgtostr - 16 - DEBUG : 3n@Y rF
2024-09-02 16:48:49,794 : utils-readcaptcha - get_captcha_imgtostr - 16 - DEBUG : 3n@Y rF
2024-09-02 16:48:49,794 : utils-readcaptcha - get_captcha_imgtostr - 16 - DEBUG : 3n@Y rF
2024-09-02 16:48:49,794 : utils-readcaptcha - get_captcha_imgtostr - 16 - DEBUG : 3n@Y rF
2024-09-02 16:48:49,794 : utils-readcaptcha - get_captcha_imgtostr - 16 - DEBUG : 3n@Y rF
2024-09-02 16:48:49,794 : utils-readcaptcha - get_captcha_imgtostr - 16 - DEBUG : 3n@Y rF
2024-09-02 16:48:49,794 : utils-readcaptcha - get_captcha_imgtostr - 16 - DEBUG : 3n@Y rF
2024-09-02 16:48:49,794 : utils-readcaptcha - get_captcha_imgtostr - 16 - DEBUG : 3n@Y rF
2024-09-02 16:48:49,794 : utils-readcaptcha - get_captcha_imgtostr - 16 - DEBUG : 3n@Y rF
2024-09-02 16:48:49,794 : utils-readcaptcha - get_captcha_imgtostr - 16 - DEBUG : 3n@Y rF
2024-09-02 16:48:49,794 : utils-readcaptcha - get_captcha_imgtostr - 16 - DEBUG : 3n@Y rF
2024-09-02 16:48:49,794 : utils-readcaptcha - get_captcha_imgtostr - 16 - DEBUG : 3n@Y rF
2024-09-02 16:48:49,794 : utils-readcaptcha - get_captcha_imgtostr - 16 - DEBUG : 3n@Y rF
2024-09-02 16:48:49,794 : utils-readcaptcha - get_captcha_imgtostr - 16 - DEBUG : 3n@Y rF
2024-09-02 16:48:49,794 : utils-readcaptcha - get_captcha_imgtostr - 16 - DEBUG : 3n@Y rF
2024-09-02 16:48:49,794 : utils-readcaptcha - get_captcha_imgtostr - 16 - DEBUG : 3n@Y rF
2024-09-02 16:48:49,794 : utils-readcaptcha - get_captcha_imgtostr - 16 - DEBUG : 3n@Y rF
2024-09-02 16:48:49,794 : utils-readcaptcha - get_captcha_imgtostr - 16 - DEBUG : 3n@Y rF
2024-09-02 16:48:58,709 : utils-readcaptcha - get_captcha_imgtostr - 16 - DEBUG : bh3Kg
2024-09-02 16:48:58,709 : utils-readcaptcha - get_captcha_imgtostr - 16 - DEBUG : bh3Kg
2024-09-02 16:48:58,709 : utils-readcaptcha - get_captcha_imgtostr - 16 - DEBUG : bh3Kg
2024-09-02 16:48:58,709 : utils-readcaptcha - get_captcha_imgtostr - 16 - DEBUG : bh3Kg
2024-09-02 16:48:58,709 : utils-readcaptcha - get_captcha_imgtostr - 16 - DEBUG : bh3Kg
2024-09-02 16:48:58,709 : utils-readcaptcha - get_captcha_imgtostr - 16 - DEBUG : bh3Kg
2024-09-02 16:48:58,709 : utils-readcaptcha - get_captcha_imgtostr - 16 - DEBUG : bh3Kg
2024-09-02 16:48:58,709 : utils-readcaptcha - get_captcha_imgtostr - 16 - DEBUG : bh3Kg
2024-09-02 16:48:58,709 : utils-readcaptcha - get_captcha_imgtostr - 16 - DEBUG : bh3Kg
2024-09-02 16:48:58,709 : utils-readcaptcha - get_captcha_imgtostr - 16 - DEBUG : bh3Kg
2024-09-02 16:48:58,709 : utils-readcaptcha - get_captcha_imgtostr - 16 - DEBUG : bh3Kg
2024-09-02 16:48:58,709 : utils-readcaptcha - get_captcha_imgtostr - 16 - DEBUG : bh3Kg
2024-09-02 16:48:58,709 : utils-readcaptcha - get_captcha_imgtostr - 16 - DEBUG : bh3Kg
2024-09-02 16:48:58,709 : utils-readcaptcha - get_captcha_imgtostr - 16 - DEBUG : bh3Kg
2024-09-02 16:48:58,709 : utils-readcaptcha - get_captcha_imgtostr - 16 - DEBUG : bh3Kg
2024-09-02 16:48:58,709 : utils-readcaptcha - get_captcha_imgtostr - 16 - DEBUG : bh3Kg
2024-09-02 16:48:58,709 : utils-readcaptcha - get_captcha_imgtostr - 16 - DEBUG : bh3Kg
2024-09-02 16:48:58,709 : utils-readcaptcha - get_captcha_imgtostr - 16 - DEBUG : bh3Kg
2024-09-02 16:48:58,709 : utils-readcaptcha - get_captcha_imgtostr - 16 - DEBUG : bh3Kg
2024-09-02 16:48:58,709 : utils-readcaptcha - get_captcha_imgtostr - 16 - DEBUG : bh3Kg
2024-09-02 16:48:58,709 : utils-readcaptcha - get_captcha_imgtostr - 16 - DEBUG : bh3Kg
2024-09-02 16:48:58,709 : utils-readcaptcha - get_captcha_imgtostr - 16 - DEBUG : bh3Kg
2024-09-02 16:48:58,709 : utils-readcaptcha - get_captcha_imgtostr - 16 - DEBUG : bh3Kg
2024-09-02 16:49:06,990 : utils-readcaptcha - get_captcha_imgtostr - 16 - DEBUG : uhhFN
2024-09-02 16:49:06,990 : utils-readcaptcha - get_captcha_imgtostr - 16 - DEBUG : uhhFN
2024-09-02 16:49:06,990 : utils-readcaptcha - get_captcha_imgtostr - 16 - DEBUG : uhhFN
2024-09-02 16:49:06,990 : utils-readcaptcha - get_captcha_imgtostr - 16 - DEBUG : uhhFN
2024-09-02 16:49:06,990 : utils-readcaptcha - get_captcha_imgtostr - 16 - DEBUG : uhhFN
2024-09-02 16:49:06,990 : utils-readcaptcha - get_captcha_imgtostr - 16 - DEBUG : uhhFN
2024-09-02 16:49:06,990 : utils-readcaptcha - get_captcha_imgtostr - 16 - DEBUG : uhhFN
2024-09-02 16:49:06,990 : utils-readcaptcha - get_captcha_imgtostr - 16 - DEBUG : uhhFN
2024-09-02 16:49:06,990 : utils-readcaptcha - get_captcha_imgtostr - 16 - DEBUG : uhhFN
2024-09-02 16:49:06,990 : utils-readcaptcha - get_captcha_imgtostr - 16 - DEBUG : uhhFN
2024-09-02 16:49:06,990 : utils-readcaptcha - get_captcha_imgtostr - 16 - DEBUG : uhhFN
2024-09-02 16:49:06,990 : utils-readcaptcha - get_captcha_imgtostr - 16 - DEBUG : uhhFN
2024-09-02 16:49:06,990 : utils-readcaptcha - get_captcha_imgtostr - 16 - DEBUG : uhhFN
2024-09-02 16:49:06,990 : utils-readcaptcha - get_captcha_imgtostr - 16 - DEBUG : uhhFN
2024-09-02 16:49:06,990 : utils-readcaptcha - get_captcha_imgtostr - 16 - DEBUG : uhhFN
2024-09-02 16:49:06,990 : utils-readcaptcha - get_captcha_imgtostr - 16 - DEBUG : uhhFN
2024-09-02 16:49:06,990 : utils-readcaptcha - get_captcha_imgtostr - 16 - DEBUG : uhhFN
2024-09-02 16:49:06,990 : utils-readcaptcha - get_captcha_imgtostr - 16 - DEBUG : uhhFN
2024-09-02 16:49:06,990 : utils-readcaptcha - get_captcha_imgtostr - 16 - DEBUG : uhhFN
2024-09-02 16:49:06,990 : utils-readcaptcha - get_captcha_imgtostr - 16 - DEBUG : uhhFN
2024-09-02 16:49:06,990 : utils-readcaptcha - get_captcha_imgtostr - 16 - DEBUG : uhhFN
2024-09-02 16:49:06,990 : utils-readcaptcha - get_captcha_imgtostr - 16 - DEBUG : uhhFN
2024-09-02 16:49:06,990 : utils-readcaptcha - get_captcha_imgtostr - 16 - DEBUG : uhhFN
2024-09-02 16:49:06,990 : utils-readcaptcha - get_captcha_imgtostr - 16 - DEBUG : uhhFN
2024-09-02 16:49:14,372 : utils-readcaptcha - get_captcha_imgtostr - 16 - DEBUG : uuNN
2024-09-02 16:49:14,372 : utils-readcaptcha - get_captcha_imgtostr - 16 - DEBUG : uuNN
2024-09-02 16:49:14,372 : utils-readcaptcha - get_captcha_imgtostr - 16 - DEBUG : uuNN
2024-09-02 16:49:14,372 : utils-readcaptcha - get_captcha_imgtostr - 16 - DEBUG : uuNN
2024-09-02 16:49:14,372 : utils-readcaptcha - get_captcha_imgtostr - 16 - DEBUG : uuNN
2024-09-02 16:49:14,372 : utils-readcaptcha - get_captcha_imgtostr - 16 - DEBUG : uuNN
2024-09-02 16:49:14,372 : utils-readcaptcha - get_captcha_imgtostr - 16 - DEBUG : uuNN
2024-09-02 16:49:14,372 : utils-readcaptcha - get_captcha_imgtostr - 16 - DEBUG : uuNN
2024-09-02 16:49:14,372 : utils-readcaptcha - get_captcha_imgtostr - 16 - DEBUG : uuNN
2024-09-02 16:49:14,372 : utils-readcaptcha - get_captcha_imgtostr - 16 - DEBUG : uuNN
2024-09-02 16:49:14,372 : utils-readcaptcha - get_captcha_imgtostr - 16 - DEBUG : uuNN
2024-09-02 16:49:14,372 : utils-readcaptcha - get_captcha_imgtostr - 16 - DEBUG : uuNN
2024-09-02 16:49:14,372 : utils-readcaptcha - get_captcha_imgtostr - 16 - DEBUG : uuNN
2024-09-02 16:49:14,372 : utils-readcaptcha - get_captcha_imgtostr - 16 - DEBUG : uuNN
2024-09-02 16:49:14,372 : utils-readcaptcha - get_captcha_imgtostr - 16 - DEBUG : uuNN
2024-09-02 16:49:14,372 : utils-readcaptcha - get_captcha_imgtostr - 16 - DEBUG : uuNN
2024-09-02 16:49:14,372 : utils-readcaptcha - get_captcha_imgtostr - 16 - DEBUG : uuNN
2024-09-02 16:49:14,372 : utils-readcaptcha - get_captcha_imgtostr - 16 - DEBUG : uuNN
2024-09-02 16:49:14,372 : utils-readcaptcha - get_captcha_imgtostr - 16 - DEBUG : uuNN
2024-09-02 16:49:14,372 : utils-readcaptcha - get_captcha_imgtostr - 16 - DEBUG : uuNN
2024-09-02 16:49:14,372 : utils-readcaptcha - get_captcha_imgtostr - 16 - DEBUG : uuNN
2024-09-02 16:49:14,372 : utils-readcaptcha - get_captcha_imgtostr - 16 - DEBUG : uuNN
2024-09-02 16:49:14,372 : utils-readcaptcha - get_captcha_imgtostr - 16 - DEBUG : uuNN
2024-09-02 16:49:14,372 : utils-readcaptcha - get_captcha_imgtostr - 16 - DEBUG : uuNN
2024-09-02 16:49:14,372 : utils-readcaptcha - get_captcha_imgtostr - 16 - DEBUG : uuNN
2024-09-02 16:49:24,820 : utils-readcaptcha - get_captcha_imgtostr - 16 - DEBUG : q@3qL
2024-09-02 16:49:24,820 : utils-readcaptcha - get_captcha_imgtostr - 16 - DEBUG : q@3qL
2024-09-02 16:49:24,820 : utils-readcaptcha - get_captcha_imgtostr - 16 - DEBUG : q@3qL
2024-09-02 16:49:24,820 : utils-readcaptcha - get_captcha_imgtostr - 16 - DEBUG : q@3qL
2024-09-02 16:49:24,820 : utils-readcaptcha - get_captcha_imgtostr - 16 - DEBUG : q@3qL
2024-09-02 16:49:24,820 : utils-readcaptcha - get_captcha_imgtostr - 16 - DEBUG : q@3qL
2024-09-02 16:49:24,820 : utils-readcaptcha - get_captcha_imgtostr - 16 - DEBUG : q@3qL
2024-09-02 16:49:24,820 : utils-readcaptcha - get_captcha_imgtostr - 16 - DEBUG : q@3qL
2024-09-02 16:49:24,820 : utils-readcaptcha - get_captcha_imgtostr - 16 - DEBUG : q@3qL
2024-09-02 16:49:24,820 : utils-readcaptcha - get_captcha_imgtostr - 16 - DEBUG : q@3qL
2024-09-02 16:49:24,820 : utils-readcaptcha - get_captcha_imgtostr - 16 - DEBUG : q@3qL
2024-09-02 16:49:24,820 : utils-readcaptcha - get_captcha_imgtostr - 16 - DEBUG : q@3qL
2024-09-02 16:49:24,820 : utils-readcaptcha - get_captcha_imgtostr - 16 - DEBUG : q@3qL
2024-09-02 16:49:24,820 : utils-readcaptcha - get_captcha_imgtostr - 16 - DEBUG : q@3qL
2024-09-02 16:49:24,820 : utils-readcaptcha - get_captcha_imgtostr - 16 - DEBUG : q@3qL
2024-09-02 16:49:24,820 : utils-readcaptcha - get_captcha_imgtostr - 16 - DEBUG : q@3qL
2024-09-02 16:49:24,820 : utils-readcaptcha - get_captcha_imgtostr - 16 - DEBUG : q@3qL
2024-09-02 16:49:24,820 : utils-readcaptcha - get_captcha_imgtostr - 16 - DEBUG : q@3qL
2024-09-02 16:49:24,820 : utils-readcaptcha - get_captcha_imgtostr - 16 - DEBUG : q@3qL
2024-09-02 16:49:24,820 : utils-readcaptcha - get_captcha_imgtostr - 16 - DEBUG : q@3qL
2024-09-02 16:49:24,820 : utils-readcaptcha - get_captcha_imgtostr - 16 - DEBUG : q@3qL
2024-09-02 16:49:24,820 : utils-readcaptcha - get_captcha_imgtostr - 16 - DEBUG : q@3qL
2024-09-02 16:49:24,820 : utils-readcaptcha - get_captcha_imgtostr - 16 - DEBUG : q@3qL
2024-09-02 16:49:24,820 : utils-readcaptcha - get_captcha_imgtostr - 16 - DEBUG : q@3qL
2024-09-02 16:49:24,820 : utils-readcaptcha - get_captcha_imgtostr - 16 - DEBUG : q@3qL
2024-09-02 16:49:24,820 : utils-readcaptcha - get_captcha_imgtostr - 16 - DEBUG : q@3qL
2024-09-02 16:49:33,147 : utils-readcaptcha - get_captcha_imgtostr - 16 - DEBUG : gex3
2024-09-02 16:49:33,147 : utils-readcaptcha - get_captcha_imgtostr - 16 - DEBUG : gex3
2024-09-02 16:49:33,147 : utils-readcaptcha - get_captcha_imgtostr - 16 - DEBUG : gex3
2024-09-02 16:49:33,147 : utils-readcaptcha - get_captcha_imgtostr - 16 - DEBUG : gex3
2024-09-02 16:49:33,147 : utils-readcaptcha - get_captcha_imgtostr - 16 - DEBUG : gex3
2024-09-02 16:49:33,147 : utils-readcaptcha - get_captcha_imgtostr - 16 - DEBUG : gex3
2024-09-02 16:49:33,147 : utils-readcaptcha - get_captcha_imgtostr - 16 - DEBUG : gex3
2024-09-02 16:49:33,147 : utils-readcaptcha - get_captcha_imgtostr - 16 - DEBUG : gex3
2024-09-02 16:49:33,147 : utils-readcaptcha - get_captcha_imgtostr - 16 - DEBUG : gex3
2024-09-02 16:49:33,147 : utils-readcaptcha - get_captcha_imgtostr - 16 - DEBUG : gex3
2024-09-02 16:49:33,147 : utils-readcaptcha - get_captcha_imgtostr - 16 - DEBUG : gex3
2024-09-02 16:49:33,147 : utils-readcaptcha - get_captcha_imgtostr - 16 - DEBUG : gex3
2024-09-02 16:49:33,147 : utils-readcaptcha - get_captcha_imgtostr - 16 - DEBUG : gex3
2024-09-02 16:49:33,147 : utils-readcaptcha - get_captcha_imgtostr - 16 - DEBUG : gex3
2024-09-02 16:49:33,147 : utils-readcaptcha - get_captcha_imgtostr - 16 - DEBUG : gex3
2024-09-02 16:49:33,147 : utils-readcaptcha - get_captcha_imgtostr - 16 - DEBUG : gex3
2024-09-02 16:49:33,147 : utils-readcaptcha - get_captcha_imgtostr - 16 - DEBUG : gex3
2024-09-02 16:49:33,147 : utils-readcaptcha - get_captcha_imgtostr - 16 - DEBUG : gex3
2024-09-02 16:49:33,147 : utils-readcaptcha - get_captcha_imgtostr - 16 - DEBUG : gex3
2024-09-02 16:49:33,147 : utils-readcaptcha - get_captcha_imgtostr - 16 - DEBUG : gex3
2024-09-02 16:49:33,147 : utils-readcaptcha - get_captcha_imgtostr - 16 - DEBUG : gex3
2024-09-02 16:49:33,147 : utils-readcaptcha - get_captcha_imgtostr - 16 - DEBUG : gex3
2024-09-02 16:49:33,147 : utils-readcaptcha - get_captcha_imgtostr - 16 - DEBUG : gex3
2024-09-02 16:49:33,147 : utils-readcaptcha - get_captcha_imgtostr - 16 - DEBUG : gex3
2024-09-02 16:49:33,147 : utils-readcaptcha - get_captcha_imgtostr - 16 - DEBUG : gex3
2024-09-02 16:49:33,147 : utils-readcaptcha - get_captcha_imgtostr - 16 - DEBUG : gex3
2024-09-02 16:49:33,147 : utils-readcaptcha - get_captcha_imgtostr - 16 - DEBUG : gex3
2024-09-02 16:49:41,385 : utils-readcaptcha - get_captcha_imgtostr - 16 - DEBUG : Wje33e
2024-09-02 16:49:41,385 : utils-readcaptcha - get_captcha_imgtostr - 16 - DEBUG : Wje33e
2024-09-02 16:49:41,385 : utils-readcaptcha - get_captcha_imgtostr - 16 - DEBUG : Wje33e
2024-09-02 16:49:41,385 : utils-readcaptcha - get_captcha_imgtostr - 16 - DEBUG : Wje33e
2024-09-02 16:49:41,385 : utils-readcaptcha - get_captcha_imgtostr - 16 - DEBUG : Wje33e
2024-09-02 16:49:41,385 : utils-readcaptcha - get_captcha_imgtostr - 16 - DEBUG : Wje33e
2024-09-02 16:49:41,385 : utils-readcaptcha - get_captcha_imgtostr - 16 - DEBUG : Wje33e
2024-09-02 16:49:41,385 : utils-readcaptcha - get_captcha_imgtostr - 16 - DEBUG : Wje33e
2024-09-02 16:49:41,385 : utils-readcaptcha - get_captcha_imgtostr - 16 - DEBUG : Wje33e
2024-09-02 16:49:41,385 : utils-readcaptcha - get_captcha_imgtostr - 16 - DEBUG : Wje33e
2024-09-02 16:49:41,385 : utils-readcaptcha - get_captcha_imgtostr - 16 - DEBUG : Wje33e
2024-09-02 16:49:41,385 : utils-readcaptcha - get_captcha_imgtostr - 16 - DEBUG : Wje33e
2024-09-02 16:49:41,385 : utils-readcaptcha - get_captcha_imgtostr - 16 - DEBUG : Wje33e
2024-09-02 16:49:41,385 : utils-readcaptcha - get_captcha_imgtostr - 16 - DEBUG : Wje33e
2024-09-02 16:49:41,385 : utils-readcaptcha - get_captcha_imgtostr - 16 - DEBUG : Wje33e
2024-09-02 16:49:41,385 : utils-readcaptcha - get_captcha_imgtostr - 16 - DEBUG : Wje33e
2024-09-02 16:49:41,385 : utils-readcaptcha - get_captcha_imgtostr - 16 - DEBUG : Wje33e
2024-09-02 16:49:41,385 : utils-readcaptcha - get_captcha_imgtostr - 16 - DEBUG : Wje33e
2024-09-02 16:49:41,385 : utils-readcaptcha - get_captcha_imgtostr - 16 - DEBUG : Wje33e
2024-09-02 16:49:41,385 : utils-readcaptcha - get_captcha_imgtostr - 16 - DEBUG : Wje33e
2024-09-02 16:49:41,385 : utils-readcaptcha - get_captcha_imgtostr - 16 - DEBUG : Wje33e
2024-09-02 16:49:41,385 : utils-readcaptcha - get_captcha_imgtostr - 16 - DEBUG : Wje33e
2024-09-02 16:49:41,385 : utils-readcaptcha - get_captcha_imgtostr - 16 - DEBUG : Wje33e
2024-09-02 16:49:41,385 : utils-readcaptcha - get_captcha_imgtostr - 16 - DEBUG : Wje33e
2024-09-02 16:49:41,385 : utils-readcaptcha - get_captcha_imgtostr - 16 - DEBUG : Wje33e
2024-09-02 16:49:41,385 : utils-readcaptcha - get_captcha_imgtostr - 16 - DEBUG : Wje33e
2024-09-02 16:49:41,385 : utils-readcaptcha - get_captcha_imgtostr - 16 - DEBUG : Wje33e
2024-09-02 16:49:41,385 : utils-readcaptcha - get_captcha_imgtostr - 16 - DEBUG : Wje33e
2024-09-02 16:49:49,753 : utils-readcaptcha - get_captcha_imgtostr - 16 - DEBUG : VEmU
2024-09-02 16:49:49,753 : utils-readcaptcha - get_captcha_imgtostr - 16 - DEBUG : VEmU
2024-09-02 16:49:49,753 : utils-readcaptcha - get_captcha_imgtostr - 16 - DEBUG : VEmU
2024-09-02 16:49:49,753 : utils-readcaptcha - get_captcha_imgtostr - 16 - DEBUG : VEmU
2024-09-02 16:49:49,753 : utils-readcaptcha - get_captcha_imgtostr - 16 - DEBUG : VEmU
2024-09-02 16:49:49,753 : utils-readcaptcha - get_captcha_imgtostr - 16 - DEBUG : VEmU
2024-09-02 16:49:49,753 : utils-readcaptcha - get_captcha_imgtostr - 16 - DEBUG : VEmU
2024-09-02 16:49:49,753 : utils-readcaptcha - get_captcha_imgtostr - 16 - DEBUG : VEmU
2024-09-02 16:49:49,753 : utils-readcaptcha - get_captcha_imgtostr - 16 - DEBUG : VEmU
2024-09-02 16:49:49,753 : utils-readcaptcha - get_captcha_imgtostr - 16 - DEBUG : VEmU
2024-09-02 16:49:49,753 : utils-readcaptcha - get_captcha_imgtostr - 16 - DEBUG : VEmU
2024-09-02 16:49:49,753 : utils-readcaptcha - get_captcha_imgtostr - 16 - DEBUG : VEmU
2024-09-02 16:49:49,753 : utils-readcaptcha - get_captcha_imgtostr - 16 - DEBUG : VEmU
2024-09-02 16:49:49,753 : utils-readcaptcha - get_captcha_imgtostr - 16 - DEBUG : VEmU
2024-09-02 16:49:49,753 : utils-readcaptcha - get_captcha_imgtostr - 16 - DEBUG : VEmU
2024-09-02 16:49:49,753 : utils-readcaptcha - get_captcha_imgtostr - 16 - DEBUG : VEmU
2024-09-02 16:49:49,753 : utils-readcaptcha - get_captcha_imgtostr - 16 - DEBUG : VEmU
2024-09-02 16:49:49,753 : utils-readcaptcha - get_captcha_imgtostr - 16 - DEBUG : VEmU
2024-09-02 16:49:49,753 : utils-readcaptcha - get_captcha_imgtostr - 16 - DEBUG : VEmU
2024-09-02 16:49:49,753 : utils-readcaptcha - get_captcha_imgtostr - 16 - DEBUG : VEmU
2024-09-02 16:49:49,753 : utils-readcaptcha - get_captcha_imgtostr - 16 - DEBUG : VEmU
2024-09-02 16:49:49,753 : utils-readcaptcha - get_captcha_imgtostr - 16 - DEBUG : VEmU
2024-09-02 16:49:49,753 : utils-readcaptcha - get_captcha_imgtostr - 16 - DEBUG : VEmU
2024-09-02 16:49:49,753 : utils-readcaptcha - get_captcha_imgtostr - 16 - DEBUG : VEmU
2024-09-02 16:49:49,753 : utils-readcaptcha - get_captcha_imgtostr - 16 - DEBUG : VEmU
2024-09-02 16:49:49,753 : utils-readcaptcha - get_captcha_imgtostr - 16 - DEBUG : VEmU
2024-09-02 16:49:49,753 : utils-readcaptcha - get_captcha_imgtostr - 16 - DEBUG : VEmU
2024-09-02 16:49:49,753 : utils-readcaptcha - get_captcha_imgtostr - 16 - DEBUG : VEmU
2024-09-02 16:49:49,753 : utils-readcaptcha - get_captcha_imgtostr - 16 - DEBUG : VEmU
2024-09-02 16:49:59,369 : utils-readcaptcha - get_captcha_imgtostr - 16 - DEBUG : HUDK
2024-09-02 16:49:59,369 : utils-readcaptcha - get_captcha_imgtostr - 16 - DEBUG : HUDK
2024-09-02 16:49:59,369 : utils-readcaptcha - get_captcha_imgtostr - 16 - DEBUG : HUDK
2024-09-02 16:49:59,369 : utils-readcaptcha - get_captcha_imgtostr - 16 - DEBUG : HUDK
2024-09-02 16:49:59,369 : utils-readcaptcha - get_captcha_imgtostr - 16 - DEBUG : HUDK
2024-09-02 16:49:59,369 : utils-readcaptcha - get_captcha_imgtostr - 16 - DEBUG : HUDK
2024-09-02 16:49:59,369 : utils-readcaptcha - get_captcha_imgtostr - 16 - DEBUG : HUDK
2024-09-02 16:49:59,369 : utils-readcaptcha - get_captcha_imgtostr - 16 - DEBUG : HUDK
2024-09-02 16:49:59,369 : utils-readcaptcha - get_captcha_imgtostr - 16 - DEBUG : HUDK
2024-09-02 16:49:59,369 : utils-readcaptcha - get_captcha_imgtostr - 16 - DEBUG : HUDK
2024-09-02 16:49:59,369 : utils-readcaptcha - get_captcha_imgtostr - 16 - DEBUG : HUDK
2024-09-02 16:49:59,369 : utils-readcaptcha - get_captcha_imgtostr - 16 - DEBUG : HUDK
2024-09-02 16:49:59,369 : utils-readcaptcha - get_captcha_imgtostr - 16 - DEBUG : HUDK
2024-09-02 16:49:59,369 : utils-readcaptcha - get_captcha_imgtostr - 16 - DEBUG : HUDK
2024-09-02 16:49:59,369 : utils-readcaptcha - get_captcha_imgtostr - 16 - DEBUG : HUDK
2024-09-02 16:49:59,369 : utils-readcaptcha - get_captcha_imgtostr - 16 - DEBUG : HUDK
2024-09-02 16:49:59,369 : utils-readcaptcha - get_captcha_imgtostr - 16 - DEBUG : HUDK
2024-09-02 16:49:59,369 : utils-readcaptcha - get_captcha_imgtostr - 16 - DEBUG : HUDK
2024-09-02 16:49:59,369 : utils-readcaptcha - get_captcha_imgtostr - 16 - DEBUG : HUDK
2024-09-02 16:49:59,369 : utils-readcaptcha - get_captcha_imgtostr - 16 - DEBUG : HUDK
2024-09-02 16:49:59,369 : utils-readcaptcha - get_captcha_imgtostr - 16 - DEBUG : HUDK
2024-09-02 16:49:59,369 : utils-readcaptcha - get_captcha_imgtostr - 16 - DEBUG : HUDK
2024-09-02 16:49:59,369 : utils-readcaptcha - get_captcha_imgtostr - 16 - DEBUG : HUDK
2024-09-02 16:49:59,369 : utils-readcaptcha - get_captcha_imgtostr - 16 - DEBUG : HUDK
2024-09-02 16:49:59,369 : utils-readcaptcha - get_captcha_imgtostr - 16 - DEBUG : HUDK
2024-09-02 16:49:59,369 : utils-readcaptcha - get_captcha_imgtostr - 16 - DEBUG : HUDK
2024-09-02 16:49:59,369 : utils-readcaptcha - get_captcha_imgtostr - 16 - DEBUG : HUDK
2024-09-02 16:49:59,369 : utils-readcaptcha - get_captcha_imgtostr - 16 - DEBUG : HUDK
2024-09-02 16:49:59,369 : utils-readcaptcha - get_captcha_imgtostr - 16 - DEBUG : HUDK
2024-09-02 16:49:59,369 : utils-readcaptcha - get_captcha_imgtostr - 16 - DEBUG : HUDK
2024-09-02 17:00:36,120 : utils-readcaptcha - get_captcha_imgtostr - 16 - DEBUG : ffUPE
2024-09-02 17:00:43,821 : utils-readcaptcha - get_captcha_imgtostr - 16 - DEBUG : hkt@
2024-09-02 17:00:43,821 : utils-readcaptcha - get_captcha_imgtostr - 16 - DEBUG : hkt@
2024-09-02 17:00:52,701 : utils-readcaptcha - get_captcha_imgtostr - 16 - DEBUG : R3tWa
2024-09-02 17:00:52,701 : utils-readcaptcha - get_captcha_imgtostr - 16 - DEBUG : R3tWa
2024-09-02 17:00:52,701 : utils-readcaptcha - get_captcha_imgtostr - 16 - DEBUG : R3tWa
2024-09-02 17:00:58,999 : utils-readcaptcha - get_captcha_imgtostr - 16 - DEBUG : N97H
2024-09-02 17:00:58,999 : utils-readcaptcha - get_captcha_imgtostr - 16 - DEBUG : N97H
2024-09-02 17:00:58,999 : utils-readcaptcha - get_captcha_imgtostr - 16 - DEBUG : N97H
2024-09-02 17:00:58,999 : utils-readcaptcha - get_captcha_imgtostr - 16 - DEBUG : N97H
2024-09-02 17:01:06,348 : utils-readcaptcha - get_captcha_imgtostr - 16 - DEBUG : Hn=Eg
2024-09-02 17:01:06,348 : utils-readcaptcha - get_captcha_imgtostr - 16 - DEBUG : Hn=Eg
2024-09-02 17:01:06,348 : utils-readcaptcha - get_captcha_imgtostr - 16 - DEBUG : Hn=Eg
2024-09-02 17:01:06,348 : utils-readcaptcha - get_captcha_imgtostr - 16 - DEBUG : Hn=Eg
2024-09-02 17:01:06,348 : utils-readcaptcha - get_captcha_imgtostr - 16 - DEBUG : Hn=Eg
2024-09-02 17:01:12,697 : utils-readcaptcha - get_captcha_imgtostr - 16 - DEBUG : RHEK
2024-09-02 17:01:12,697 : utils-readcaptcha - get_captcha_imgtostr - 16 - DEBUG : RHEK
2024-09-02 17:01:12,697 : utils-readcaptcha - get_captcha_imgtostr - 16 - DEBUG : RHEK
2024-09-02 17:01:12,697 : utils-readcaptcha - get_captcha_imgtostr - 16 - DEBUG : RHEK
2024-09-02 17:01:12,697 : utils-readcaptcha - get_captcha_imgtostr - 16 - DEBUG : RHEK
2024-09-02 17:01:12,697 : utils-readcaptcha - get_captcha_imgtostr - 16 - DEBUG : RHEK
2024-09-02 17:01:19,397 : utils-readcaptcha - get_captcha_imgtostr - 16 - DEBUG : Q7VN
2024-09-02 17:01:19,397 : utils-readcaptcha - get_captcha_imgtostr - 16 - DEBUG : Q7VN
2024-09-02 17:01:19,397 : utils-readcaptcha - get_captcha_imgtostr - 16 - DEBUG : Q7VN
2024-09-02 17:01:19,397 : utils-readcaptcha - get_captcha_imgtostr - 16 - DEBUG : Q7VN
2024-09-02 17:01:19,397 : utils-readcaptcha - get_captcha_imgtostr - 16 - DEBUG : Q7VN
2024-09-02 17:01:19,397 : utils-readcaptcha - get_captcha_imgtostr - 16 - DEBUG : Q7VN
2024-09-02 17:01:19,397 : utils-readcaptcha - get_captcha_imgtostr - 16 - DEBUG : Q7VN
2024-09-02 17:01:47,092 : utils-readcaptcha - get_captcha_imgtostr - 16 - DEBUG : H9tGP
2024-09-02 17:01:47,092 : utils-readcaptcha - get_captcha_imgtostr - 16 - DEBUG : H9tGP
2024-09-02 17:01:47,092 : utils-readcaptcha - get_captcha_imgtostr - 16 - DEBUG : H9tGP
2024-09-02 17:01:47,092 : utils-readcaptcha - get_captcha_imgtostr - 16 - DEBUG : H9tGP
2024-09-02 17:01:47,092 : utils-readcaptcha - get_captcha_imgtostr - 16 - DEBUG : H9tGP
2024-09-02 17:01:47,092 : utils-readcaptcha - get_captcha_imgtostr - 16 - DEBUG : H9tGP
2024-09-02 17:01:47,092 : utils-readcaptcha - get_captcha_imgtostr - 16 - DEBUG : H9tGP
2024-09-02 17:01:47,092 : utils-readcaptcha - get_captcha_imgtostr - 16 - DEBUG : H9tGP
2024-09-02 17:01:54,691 : utils-readcaptcha - get_captcha_imgtostr - 16 - DEBUG : Rhmu4
2024-09-02 17:01:54,691 : utils-readcaptcha - get_captcha_imgtostr - 16 - DEBUG : Rhmu4
2024-09-02 17:01:54,691 : utils-readcaptcha - get_captcha_imgtostr - 16 - DEBUG : Rhmu4
2024-09-02 17:01:54,691 : utils-readcaptcha - get_captcha_imgtostr - 16 - DEBUG : Rhmu4
2024-09-02 17:01:54,691 : utils-readcaptcha - get_captcha_imgtostr - 16 - DEBUG : Rhmu4
2024-09-02 17:01:54,691 : utils-readcaptcha - get_captcha_imgtostr - 16 - DEBUG : Rhmu4
2024-09-02 17:01:54,691 : utils-readcaptcha - get_captcha_imgtostr - 16 - DEBUG : Rhmu4
2024-09-02 17:01:54,691 : utils-readcaptcha - get_captcha_imgtostr - 16 - DEBUG : Rhmu4
2024-09-02 17:01:54,691 : utils-readcaptcha - get_captcha_imgtostr - 16 - DEBUG : Rhmu4
2024-09-02 17:02:01,090 : utils-readcaptcha - get_captcha_imgtostr - 16 - DEBUG : 
2024-09-02 17:02:01,090 : utils-readcaptcha - get_captcha_imgtostr - 16 - DEBUG : 
2024-09-02 17:02:01,090 : utils-readcaptcha - get_captcha_imgtostr - 16 - DEBUG : 
2024-09-02 17:02:01,090 : utils-readcaptcha - get_captcha_imgtostr - 16 - DEBUG : 
2024-09-02 17:02:01,090 : utils-readcaptcha - get_captcha_imgtostr - 16 - DEBUG : 
2024-09-02 17:02:01,090 : utils-readcaptcha - get_captcha_imgtostr - 16 - DEBUG : 
2024-09-02 17:02:01,090 : utils-readcaptcha - get_captcha_imgtostr - 16 - DEBUG : 
2024-09-02 17:02:01,090 : utils-readcaptcha - get_captcha_imgtostr - 16 - DEBUG : 
2024-09-02 17:02:01,090 : utils-readcaptcha - get_captcha_imgtostr - 16 - DEBUG : 
2024-09-02 17:02:01,090 : utils-readcaptcha - get_captcha_imgtostr - 16 - DEBUG : 
2024-09-02 17:02:07,009 : utils-readcaptcha - get_captcha_imgtostr - 16 - DEBUG : 7Ugqb
2024-09-02 17:02:07,009 : utils-readcaptcha - get_captcha_imgtostr - 16 - DEBUG : 7Ugqb
2024-09-02 17:02:07,009 : utils-readcaptcha - get_captcha_imgtostr - 16 - DEBUG : 7Ugqb
2024-09-02 17:02:07,009 : utils-readcaptcha - get_captcha_imgtostr - 16 - DEBUG : 7Ugqb
2024-09-02 17:02:07,009 : utils-readcaptcha - get_captcha_imgtostr - 16 - DEBUG : 7Ugqb
2024-09-02 17:02:07,009 : utils-readcaptcha - get_captcha_imgtostr - 16 - DEBUG : 7Ugqb
2024-09-02 17:02:07,009 : utils-readcaptcha - get_captcha_imgtostr - 16 - DEBUG : 7Ugqb
2024-09-02 17:02:07,009 : utils-readcaptcha - get_captcha_imgtostr - 16 - DEBUG : 7Ugqb
2024-09-02 17:02:07,009 : utils-readcaptcha - get_captcha_imgtostr - 16 - DEBUG : 7Ugqb
2024-09-02 17:02:07,009 : utils-readcaptcha - get_captcha_imgtostr - 16 - DEBUG : 7Ugqb
2024-09-02 17:02:07,009 : utils-readcaptcha - get_captcha_imgtostr - 16 - DEBUG : 7Ugqb
2024-09-02 17:02:13,105 : utils-readcaptcha - get_captcha_imgtostr - 16 - DEBUG : UUKET
2024-09-02 17:02:13,105 : utils-readcaptcha - get_captcha_imgtostr - 16 - DEBUG : UUKET
2024-09-02 17:02:13,105 : utils-readcaptcha - get_captcha_imgtostr - 16 - DEBUG : UUKET
2024-09-02 17:02:13,105 : utils-readcaptcha - get_captcha_imgtostr - 16 - DEBUG : UUKET
2024-09-02 17:02:13,105 : utils-readcaptcha - get_captcha_imgtostr - 16 - DEBUG : UUKET
2024-09-02 17:02:13,105 : utils-readcaptcha - get_captcha_imgtostr - 16 - DEBUG : UUKET
2024-09-02 17:02:13,105 : utils-readcaptcha - get_captcha_imgtostr - 16 - DEBUG : UUKET
2024-09-02 17:02:13,105 : utils-readcaptcha - get_captcha_imgtostr - 16 - DEBUG : UUKET
2024-09-02 17:02:13,105 : utils-readcaptcha - get_captcha_imgtostr - 16 - DEBUG : UUKET
2024-09-02 17:02:13,105 : utils-readcaptcha - get_captcha_imgtostr - 16 - DEBUG : UUKET
2024-09-02 17:02:13,105 : utils-readcaptcha - get_captcha_imgtostr - 16 - DEBUG : UUKET
2024-09-02 17:02:13,105 : utils-readcaptcha - get_captcha_imgtostr - 16 - DEBUG : UUKET
2024-09-02 17:02:19,322 : utils-readcaptcha - get_captcha_imgtostr - 16 - DEBUG : 
2024-09-02 17:02:19,322 : utils-readcaptcha - get_captcha_imgtostr - 16 - DEBUG : 
2024-09-02 17:02:19,322 : utils-readcaptcha - get_captcha_imgtostr - 16 - DEBUG : 
2024-09-02 17:02:19,322 : utils-readcaptcha - get_captcha_imgtostr - 16 - DEBUG : 
2024-09-02 17:02:19,322 : utils-readcaptcha - get_captcha_imgtostr - 16 - DEBUG : 
2024-09-02 17:02:19,322 : utils-readcaptcha - get_captcha_imgtostr - 16 - DEBUG : 
2024-09-02 17:02:19,322 : utils-readcaptcha - get_captcha_imgtostr - 16 - DEBUG : 
2024-09-02 17:02:19,322 : utils-readcaptcha - get_captcha_imgtostr - 16 - DEBUG : 
2024-09-02 17:02:19,322 : utils-readcaptcha - get_captcha_imgtostr - 16 - DEBUG : 
2024-09-02 17:02:19,322 : utils-readcaptcha - get_captcha_imgtostr - 16 - DEBUG : 
2024-09-02 17:02:19,322 : utils-readcaptcha - get_captcha_imgtostr - 16 - DEBUG : 
2024-09-02 17:02:19,322 : utils-readcaptcha - get_captcha_imgtostr - 16 - DEBUG : 
2024-09-02 17:02:19,322 : utils-readcaptcha - get_captcha_imgtostr - 16 - DEBUG : 
2024-09-02 17:02:25,736 : utils-readcaptcha - get_captcha_imgtostr - 16 - DEBUG : FtnN9r
2024-09-02 17:02:25,736 : utils-readcaptcha - get_captcha_imgtostr - 16 - DEBUG : FtnN9r
2024-09-02 17:02:25,736 : utils-readcaptcha - get_captcha_imgtostr - 16 - DEBUG : FtnN9r
2024-09-02 17:02:25,736 : utils-readcaptcha - get_captcha_imgtostr - 16 - DEBUG : FtnN9r
2024-09-02 17:02:25,736 : utils-readcaptcha - get_captcha_imgtostr - 16 - DEBUG : FtnN9r
2024-09-02 17:02:25,736 : utils-readcaptcha - get_captcha_imgtostr - 16 - DEBUG : FtnN9r
2024-09-02 17:02:25,736 : utils-readcaptcha - get_captcha_imgtostr - 16 - DEBUG : FtnN9r
2024-09-02 17:02:25,736 : utils-readcaptcha - get_captcha_imgtostr - 16 - DEBUG : FtnN9r
2024-09-02 17:02:25,736 : utils-readcaptcha - get_captcha_imgtostr - 16 - DEBUG : FtnN9r
2024-09-02 17:02:25,736 : utils-readcaptcha - get_captcha_imgtostr - 16 - DEBUG : FtnN9r
2024-09-02 17:02:25,736 : utils-readcaptcha - get_captcha_imgtostr - 16 - DEBUG : FtnN9r
2024-09-02 17:02:25,736 : utils-readcaptcha - get_captcha_imgtostr - 16 - DEBUG : FtnN9r
2024-09-02 17:02:25,736 : utils-readcaptcha - get_captcha_imgtostr - 16 - DEBUG : FtnN9r
2024-09-02 17:02:25,736 : utils-readcaptcha - get_captcha_imgtostr - 16 - DEBUG : FtnN9r
2024-09-02 17:02:31,869 : utils-readcaptcha - get_captcha_imgtostr - 16 - DEBUG : KMMu9
2024-09-02 17:02:31,869 : utils-readcaptcha - get_captcha_imgtostr - 16 - DEBUG : KMMu9
2024-09-02 17:02:31,869 : utils-readcaptcha - get_captcha_imgtostr - 16 - DEBUG : KMMu9
2024-09-02 17:02:31,869 : utils-readcaptcha - get_captcha_imgtostr - 16 - DEBUG : KMMu9
2024-09-02 17:02:31,869 : utils-readcaptcha - get_captcha_imgtostr - 16 - DEBUG : KMMu9
2024-09-02 17:02:31,869 : utils-readcaptcha - get_captcha_imgtostr - 16 - DEBUG : KMMu9
2024-09-02 17:02:31,869 : utils-readcaptcha - get_captcha_imgtostr - 16 - DEBUG : KMMu9
2024-09-02 17:02:31,869 : utils-readcaptcha - get_captcha_imgtostr - 16 - DEBUG : KMMu9
2024-09-02 17:02:31,869 : utils-readcaptcha - get_captcha_imgtostr - 16 - DEBUG : KMMu9
2024-09-02 17:02:31,869 : utils-readcaptcha - get_captcha_imgtostr - 16 - DEBUG : KMMu9
2024-09-02 17:02:31,869 : utils-readcaptcha - get_captcha_imgtostr - 16 - DEBUG : KMMu9
2024-09-02 17:02:31,869 : utils-readcaptcha - get_captcha_imgtostr - 16 - DEBUG : KMMu9
2024-09-02 17:02:31,869 : utils-readcaptcha - get_captcha_imgtostr - 16 - DEBUG : KMMu9
2024-09-02 17:02:31,869 : utils-readcaptcha - get_captcha_imgtostr - 16 - DEBUG : KMMu9
2024-09-02 17:02:31,869 : utils-readcaptcha - get_captcha_imgtostr - 16 - DEBUG : KMMu9
2024-09-02 17:02:37,651 : utils-readcaptcha - get_captcha_imgtostr - 16 - DEBUG : bJkD
2024-09-02 17:02:37,651 : utils-readcaptcha - get_captcha_imgtostr - 16 - DEBUG : bJkD
2024-09-02 17:02:37,651 : utils-readcaptcha - get_captcha_imgtostr - 16 - DEBUG : bJkD
2024-09-02 17:02:37,651 : utils-readcaptcha - get_captcha_imgtostr - 16 - DEBUG : bJkD
2024-09-02 17:02:37,651 : utils-readcaptcha - get_captcha_imgtostr - 16 - DEBUG : bJkD
2024-09-02 17:02:37,651 : utils-readcaptcha - get_captcha_imgtostr - 16 - DEBUG : bJkD
2024-09-02 17:02:37,651 : utils-readcaptcha - get_captcha_imgtostr - 16 - DEBUG : bJkD
2024-09-02 17:02:37,651 : utils-readcaptcha - get_captcha_imgtostr - 16 - DEBUG : bJkD
2024-09-02 17:02:37,651 : utils-readcaptcha - get_captcha_imgtostr - 16 - DEBUG : bJkD
2024-09-02 17:02:37,651 : utils-readcaptcha - get_captcha_imgtostr - 16 - DEBUG : bJkD
2024-09-02 17:02:37,651 : utils-readcaptcha - get_captcha_imgtostr - 16 - DEBUG : bJkD
2024-09-02 17:02:37,651 : utils-readcaptcha - get_captcha_imgtostr - 16 - DEBUG : bJkD
2024-09-02 17:02:37,651 : utils-readcaptcha - get_captcha_imgtostr - 16 - DEBUG : bJkD
2024-09-02 17:02:37,651 : utils-readcaptcha - get_captcha_imgtostr - 16 - DEBUG : bJkD
2024-09-02 17:02:37,651 : utils-readcaptcha - get_captcha_imgtostr - 16 - DEBUG : bJkD
2024-09-02 17:02:37,651 : utils-readcaptcha - get_captcha_imgtostr - 16 - DEBUG : bJkD
2024-09-02 17:02:43,268 : utils-readcaptcha - get_captcha_imgtostr - 16 - DEBUG : JmUgqXr
2024-09-02 17:02:43,268 : utils-readcaptcha - get_captcha_imgtostr - 16 - DEBUG : JmUgqXr
2024-09-02 17:02:43,268 : utils-readcaptcha - get_captcha_imgtostr - 16 - DEBUG : JmUgqXr
2024-09-02 17:02:43,268 : utils-readcaptcha - get_captcha_imgtostr - 16 - DEBUG : JmUgqXr
2024-09-02 17:02:43,268 : utils-readcaptcha - get_captcha_imgtostr - 16 - DEBUG : JmUgqXr
2024-09-02 17:02:43,268 : utils-readcaptcha - get_captcha_imgtostr - 16 - DEBUG : JmUgqXr
2024-09-02 17:02:43,268 : utils-readcaptcha - get_captcha_imgtostr - 16 - DEBUG : JmUgqXr
2024-09-02 17:02:43,268 : utils-readcaptcha - get_captcha_imgtostr - 16 - DEBUG : JmUgqXr
2024-09-02 17:02:43,268 : utils-readcaptcha - get_captcha_imgtostr - 16 - DEBUG : JmUgqXr
2024-09-02 17:02:43,268 : utils-readcaptcha - get_captcha_imgtostr - 16 - DEBUG : JmUgqXr
2024-09-02 17:02:43,268 : utils-readcaptcha - get_captcha_imgtostr - 16 - DEBUG : JmUgqXr
2024-09-02 17:02:43,268 : utils-readcaptcha - get_captcha_imgtostr - 16 - DEBUG : JmUgqXr
2024-09-02 17:02:43,268 : utils-readcaptcha - get_captcha_imgtostr - 16 - DEBUG : JmUgqXr
2024-09-02 17:02:43,268 : utils-readcaptcha - get_captcha_imgtostr - 16 - DEBUG : JmUgqXr
2024-09-02 17:02:43,268 : utils-readcaptcha - get_captcha_imgtostr - 16 - DEBUG : JmUgqXr
2024-09-02 17:02:43,268 : utils-readcaptcha - get_captcha_imgtostr - 16 - DEBUG : JmUgqXr
2024-09-02 17:02:43,268 : utils-readcaptcha - get_captcha_imgtostr - 16 - DEBUG : JmUgqXr
2024-09-02 17:02:48,800 : utils-readcaptcha - get_captcha_imgtostr - 16 - DEBUG : Egk4G
2024-09-02 17:02:48,800 : utils-readcaptcha - get_captcha_imgtostr - 16 - DEBUG : Egk4G
2024-09-02 17:02:48,800 : utils-readcaptcha - get_captcha_imgtostr - 16 - DEBUG : Egk4G
2024-09-02 17:02:48,800 : utils-readcaptcha - get_captcha_imgtostr - 16 - DEBUG : Egk4G
2024-09-02 17:02:48,800 : utils-readcaptcha - get_captcha_imgtostr - 16 - DEBUG : Egk4G
2024-09-02 17:02:48,800 : utils-readcaptcha - get_captcha_imgtostr - 16 - DEBUG : Egk4G
2024-09-02 17:02:48,800 : utils-readcaptcha - get_captcha_imgtostr - 16 - DEBUG : Egk4G
2024-09-02 17:02:48,800 : utils-readcaptcha - get_captcha_imgtostr - 16 - DEBUG : Egk4G
2024-09-02 17:02:48,800 : utils-readcaptcha - get_captcha_imgtostr - 16 - DEBUG : Egk4G
2024-09-02 17:02:48,800 : utils-readcaptcha - get_captcha_imgtostr - 16 - DEBUG : Egk4G
2024-09-02 17:02:48,800 : utils-readcaptcha - get_captcha_imgtostr - 16 - DEBUG : Egk4G
2024-09-02 17:02:48,800 : utils-readcaptcha - get_captcha_imgtostr - 16 - DEBUG : Egk4G
2024-09-02 17:02:48,800 : utils-readcaptcha - get_captcha_imgtostr - 16 - DEBUG : Egk4G
2024-09-02 17:02:48,800 : utils-readcaptcha - get_captcha_imgtostr - 16 - DEBUG : Egk4G
2024-09-02 17:02:48,800 : utils-readcaptcha - get_captcha_imgtostr - 16 - DEBUG : Egk4G
2024-09-02 17:02:48,800 : utils-readcaptcha - get_captcha_imgtostr - 16 - DEBUG : Egk4G
2024-09-02 17:02:48,800 : utils-readcaptcha - get_captcha_imgtostr - 16 - DEBUG : Egk4G
2024-09-02 17:02:48,800 : utils-readcaptcha - get_captcha_imgtostr - 16 - DEBUG : Egk4G
2024-09-02 17:02:54,415 : utils-readcaptcha - get_captcha_imgtostr - 16 - DEBUG : F6RG3Z
2024-09-02 17:02:54,415 : utils-readcaptcha - get_captcha_imgtostr - 16 - DEBUG : F6RG3Z
2024-09-02 17:02:54,415 : utils-readcaptcha - get_captcha_imgtostr - 16 - DEBUG : F6RG3Z
2024-09-02 17:02:54,415 : utils-readcaptcha - get_captcha_imgtostr - 16 - DEBUG : F6RG3Z
2024-09-02 17:02:54,415 : utils-readcaptcha - get_captcha_imgtostr - 16 - DEBUG : F6RG3Z
2024-09-02 17:02:54,415 : utils-readcaptcha - get_captcha_imgtostr - 16 - DEBUG : F6RG3Z
2024-09-02 17:02:54,415 : utils-readcaptcha - get_captcha_imgtostr - 16 - DEBUG : F6RG3Z
2024-09-02 17:02:54,415 : utils-readcaptcha - get_captcha_imgtostr - 16 - DEBUG : F6RG3Z
2024-09-02 17:02:54,415 : utils-readcaptcha - get_captcha_imgtostr - 16 - DEBUG : F6RG3Z
2024-09-02 17:02:54,415 : utils-readcaptcha - get_captcha_imgtostr - 16 - DEBUG : F6RG3Z
2024-09-02 17:02:54,415 : utils-readcaptcha - get_captcha_imgtostr - 16 - DEBUG : F6RG3Z
2024-09-02 17:02:54,415 : utils-readcaptcha - get_captcha_imgtostr - 16 - DEBUG : F6RG3Z
2024-09-02 17:02:54,415 : utils-readcaptcha - get_captcha_imgtostr - 16 - DEBUG : F6RG3Z
2024-09-02 17:02:54,415 : utils-readcaptcha - get_captcha_imgtostr - 16 - DEBUG : F6RG3Z
2024-09-02 17:02:54,415 : utils-readcaptcha - get_captcha_imgtostr - 16 - DEBUG : F6RG3Z
2024-09-02 17:02:54,415 : utils-readcaptcha - get_captcha_imgtostr - 16 - DEBUG : F6RG3Z
2024-09-02 17:02:54,415 : utils-readcaptcha - get_captcha_imgtostr - 16 - DEBUG : F6RG3Z
2024-09-02 17:02:54,415 : utils-readcaptcha - get_captcha_imgtostr - 16 - DEBUG : F6RG3Z
2024-09-02 17:02:54,415 : utils-readcaptcha - get_captcha_imgtostr - 16 - DEBUG : F6RG3Z
2024-09-02 17:03:00,982 : utils-readcaptcha - get_captcha_imgtostr - 16 - DEBUG : trgmyY
2024-09-02 17:03:00,982 : utils-readcaptcha - get_captcha_imgtostr - 16 - DEBUG : trgmyY
2024-09-02 17:03:00,982 : utils-readcaptcha - get_captcha_imgtostr - 16 - DEBUG : trgmyY
2024-09-02 17:03:00,982 : utils-readcaptcha - get_captcha_imgtostr - 16 - DEBUG : trgmyY
2024-09-02 17:03:00,982 : utils-readcaptcha - get_captcha_imgtostr - 16 - DEBUG : trgmyY
2024-09-02 17:03:00,982 : utils-readcaptcha - get_captcha_imgtostr - 16 - DEBUG : trgmyY
2024-09-02 17:03:00,982 : utils-readcaptcha - get_captcha_imgtostr - 16 - DEBUG : trgmyY
2024-09-02 17:03:00,982 : utils-readcaptcha - get_captcha_imgtostr - 16 - DEBUG : trgmyY
2024-09-02 17:03:00,982 : utils-readcaptcha - get_captcha_imgtostr - 16 - DEBUG : trgmyY
2024-09-02 17:03:00,982 : utils-readcaptcha - get_captcha_imgtostr - 16 - DEBUG : trgmyY
2024-09-02 17:03:00,982 : utils-readcaptcha - get_captcha_imgtostr - 16 - DEBUG : trgmyY
2024-09-02 17:03:00,982 : utils-readcaptcha - get_captcha_imgtostr - 16 - DEBUG : trgmyY
2024-09-02 17:03:00,982 : utils-readcaptcha - get_captcha_imgtostr - 16 - DEBUG : trgmyY
2024-09-02 17:03:00,982 : utils-readcaptcha - get_captcha_imgtostr - 16 - DEBUG : trgmyY
2024-09-02 17:03:00,982 : utils-readcaptcha - get_captcha_imgtostr - 16 - DEBUG : trgmyY
2024-09-02 17:03:00,982 : utils-readcaptcha - get_captcha_imgtostr - 16 - DEBUG : trgmyY
2024-09-02 17:03:00,982 : utils-readcaptcha - get_captcha_imgtostr - 16 - DEBUG : trgmyY
2024-09-02 17:03:00,982 : utils-readcaptcha - get_captcha_imgtostr - 16 - DEBUG : trgmyY
2024-09-02 17:03:00,982 : utils-readcaptcha - get_captcha_imgtostr - 16 - DEBUG : trgmyY
2024-09-02 17:03:00,982 : utils-readcaptcha - get_captcha_imgtostr - 16 - DEBUG : trgmyY
2024-09-02 17:03:07,880 : utils-readcaptcha - get_captcha_imgtostr - 16 - DEBUG : qlL4bw
2024-09-02 17:03:07,880 : utils-readcaptcha - get_captcha_imgtostr - 16 - DEBUG : qlL4bw
2024-09-02 17:03:07,880 : utils-readcaptcha - get_captcha_imgtostr - 16 - DEBUG : qlL4bw
2024-09-02 17:03:07,880 : utils-readcaptcha - get_captcha_imgtostr - 16 - DEBUG : qlL4bw
2024-09-02 17:03:07,880 : utils-readcaptcha - get_captcha_imgtostr - 16 - DEBUG : qlL4bw
2024-09-02 17:03:07,880 : utils-readcaptcha - get_captcha_imgtostr - 16 - DEBUG : qlL4bw
2024-09-02 17:03:07,880 : utils-readcaptcha - get_captcha_imgtostr - 16 - DEBUG : qlL4bw
2024-09-02 17:03:07,880 : utils-readcaptcha - get_captcha_imgtostr - 16 - DEBUG : qlL4bw
2024-09-02 17:03:07,880 : utils-readcaptcha - get_captcha_imgtostr - 16 - DEBUG : qlL4bw
2024-09-02 17:03:07,880 : utils-readcaptcha - get_captcha_imgtostr - 16 - DEBUG : qlL4bw
2024-09-02 17:03:07,880 : utils-readcaptcha - get_captcha_imgtostr - 16 - DEBUG : qlL4bw
2024-09-02 17:03:07,880 : utils-readcaptcha - get_captcha_imgtostr - 16 - DEBUG : qlL4bw
2024-09-02 17:03:07,880 : utils-readcaptcha - get_captcha_imgtostr - 16 - DEBUG : qlL4bw
2024-09-02 17:03:07,880 : utils-readcaptcha - get_captcha_imgtostr - 16 - DEBUG : qlL4bw
2024-09-02 17:03:07,880 : utils-readcaptcha - get_captcha_imgtostr - 16 - DEBUG : qlL4bw
2024-09-02 17:03:07,880 : utils-readcaptcha - get_captcha_imgtostr - 16 - DEBUG : qlL4bw
2024-09-02 17:03:07,880 : utils-readcaptcha - get_captcha_imgtostr - 16 - DEBUG : qlL4bw
2024-09-02 17:03:07,880 : utils-readcaptcha - get_captcha_imgtostr - 16 - DEBUG : qlL4bw
2024-09-02 17:03:07,880 : utils-readcaptcha - get_captcha_imgtostr - 16 - DEBUG : qlL4bw
2024-09-02 17:03:07,880 : utils-readcaptcha - get_captcha_imgtostr - 16 - DEBUG : qlL4bw
2024-09-02 17:03:07,880 : utils-readcaptcha - get_captcha_imgtostr - 16 - DEBUG : qlL4bw
2024-09-02 17:03:13,946 : utils-readcaptcha - get_captcha_imgtostr - 16 - DEBUG : FhwG
2024-09-02 17:03:13,946 : utils-readcaptcha - get_captcha_imgtostr - 16 - DEBUG : FhwG
2024-09-02 17:03:13,946 : utils-readcaptcha - get_captcha_imgtostr - 16 - DEBUG : FhwG
2024-09-02 17:03:13,946 : utils-readcaptcha - get_captcha_imgtostr - 16 - DEBUG : FhwG
2024-09-02 17:03:13,946 : utils-readcaptcha - get_captcha_imgtostr - 16 - DEBUG : FhwG
2024-09-02 17:03:13,946 : utils-readcaptcha - get_captcha_imgtostr - 16 - DEBUG : FhwG
2024-09-02 17:03:13,946 : utils-readcaptcha - get_captcha_imgtostr - 16 - DEBUG : FhwG
2024-09-02 17:03:13,946 : utils-readcaptcha - get_captcha_imgtostr - 16 - DEBUG : FhwG
2024-09-02 17:03:13,946 : utils-readcaptcha - get_captcha_imgtostr - 16 - DEBUG : FhwG
2024-09-02 17:03:13,946 : utils-readcaptcha - get_captcha_imgtostr - 16 - DEBUG : FhwG
2024-09-02 17:03:13,946 : utils-readcaptcha - get_captcha_imgtostr - 16 - DEBUG : FhwG
2024-09-02 17:03:13,946 : utils-readcaptcha - get_captcha_imgtostr - 16 - DEBUG : FhwG
2024-09-02 17:03:13,946 : utils-readcaptcha - get_captcha_imgtostr - 16 - DEBUG : FhwG
2024-09-02 17:03:13,946 : utils-readcaptcha - get_captcha_imgtostr - 16 - DEBUG : FhwG
2024-09-02 17:03:13,946 : utils-readcaptcha - get_captcha_imgtostr - 16 - DEBUG : FhwG
2024-09-02 17:03:13,946 : utils-readcaptcha - get_captcha_imgtostr - 16 - DEBUG : FhwG
2024-09-02 17:03:13,946 : utils-readcaptcha - get_captcha_imgtostr - 16 - DEBUG : FhwG
2024-09-02 17:03:13,946 : utils-readcaptcha - get_captcha_imgtostr - 16 - DEBUG : FhwG
2024-09-02 17:03:13,946 : utils-readcaptcha - get_captcha_imgtostr - 16 - DEBUG : FhwG
2024-09-02 17:03:13,946 : utils-readcaptcha - get_captcha_imgtostr - 16 - DEBUG : FhwG
2024-09-02 17:03:13,946 : utils-readcaptcha - get_captcha_imgtostr - 16 - DEBUG : FhwG
2024-09-02 17:03:13,946 : utils-readcaptcha - get_captcha_imgtostr - 16 - DEBUG : FhwG
2024-09-02 17:03:20,479 : utils-readcaptcha - get_captcha_imgtostr - 16 - DEBUG : gEPa
2024-09-02 17:03:20,479 : utils-readcaptcha - get_captcha_imgtostr - 16 - DEBUG : gEPa
2024-09-02 17:03:20,479 : utils-readcaptcha - get_captcha_imgtostr - 16 - DEBUG : gEPa
2024-09-02 17:03:20,479 : utils-readcaptcha - get_captcha_imgtostr - 16 - DEBUG : gEPa
2024-09-02 17:03:20,479 : utils-readcaptcha - get_captcha_imgtostr - 16 - DEBUG : gEPa
2024-09-02 17:03:20,479 : utils-readcaptcha - get_captcha_imgtostr - 16 - DEBUG : gEPa
2024-09-02 17:03:20,479 : utils-readcaptcha - get_captcha_imgtostr - 16 - DEBUG : gEPa
2024-09-02 17:03:20,479 : utils-readcaptcha - get_captcha_imgtostr - 16 - DEBUG : gEPa
2024-09-02 17:03:20,479 : utils-readcaptcha - get_captcha_imgtostr - 16 - DEBUG : gEPa
2024-09-02 17:03:20,479 : utils-readcaptcha - get_captcha_imgtostr - 16 - DEBUG : gEPa
2024-09-02 17:03:20,479 : utils-readcaptcha - get_captcha_imgtostr - 16 - DEBUG : gEPa
2024-09-02 17:03:20,479 : utils-readcaptcha - get_captcha_imgtostr - 16 - DEBUG : gEPa
2024-09-02 17:03:20,479 : utils-readcaptcha - get_captcha_imgtostr - 16 - DEBUG : gEPa
2024-09-02 17:03:20,479 : utils-readcaptcha - get_captcha_imgtostr - 16 - DEBUG : gEPa
2024-09-02 17:03:20,479 : utils-readcaptcha - get_captcha_imgtostr - 16 - DEBUG : gEPa
2024-09-02 17:03:20,479 : utils-readcaptcha - get_captcha_imgtostr - 16 - DEBUG : gEPa
2024-09-02 17:03:20,479 : utils-readcaptcha - get_captcha_imgtostr - 16 - DEBUG : gEPa
2024-09-02 17:03:20,479 : utils-readcaptcha - get_captcha_imgtostr - 16 - DEBUG : gEPa
2024-09-02 17:03:20,479 : utils-readcaptcha - get_captcha_imgtostr - 16 - DEBUG : gEPa
2024-09-02 17:03:20,479 : utils-readcaptcha - get_captcha_imgtostr - 16 - DEBUG : gEPa
2024-09-02 17:03:20,479 : utils-readcaptcha - get_captcha_imgtostr - 16 - DEBUG : gEPa
2024-09-02 17:03:20,479 : utils-readcaptcha - get_captcha_imgtostr - 16 - DEBUG : gEPa
2024-09-02 17:03:20,479 : utils-readcaptcha - get_captcha_imgtostr - 16 - DEBUG : gEPa
2024-09-02 17:03:25,978 : utils-readcaptcha - get_captcha_imgtostr - 16 - DEBUG : A4jtTn
2024-09-02 17:03:25,978 : utils-readcaptcha - get_captcha_imgtostr - 16 - DEBUG : A4jtTn
2024-09-02 17:03:25,978 : utils-readcaptcha - get_captcha_imgtostr - 16 - DEBUG : A4jtTn
2024-09-02 17:03:25,978 : utils-readcaptcha - get_captcha_imgtostr - 16 - DEBUG : A4jtTn
2024-09-02 17:03:25,978 : utils-readcaptcha - get_captcha_imgtostr - 16 - DEBUG : A4jtTn
2024-09-02 17:03:25,978 : utils-readcaptcha - get_captcha_imgtostr - 16 - DEBUG : A4jtTn
2024-09-02 17:03:25,978 : utils-readcaptcha - get_captcha_imgtostr - 16 - DEBUG : A4jtTn
2024-09-02 17:03:25,978 : utils-readcaptcha - get_captcha_imgtostr - 16 - DEBUG : A4jtTn
2024-09-02 17:03:25,978 : utils-readcaptcha - get_captcha_imgtostr - 16 - DEBUG : A4jtTn
2024-09-02 17:03:25,978 : utils-readcaptcha - get_captcha_imgtostr - 16 - DEBUG : A4jtTn
2024-09-02 17:03:25,978 : utils-readcaptcha - get_captcha_imgtostr - 16 - DEBUG : A4jtTn
2024-09-02 17:03:25,978 : utils-readcaptcha - get_captcha_imgtostr - 16 - DEBUG : A4jtTn
2024-09-02 17:03:25,978 : utils-readcaptcha - get_captcha_imgtostr - 16 - DEBUG : A4jtTn
2024-09-02 17:03:25,978 : utils-readcaptcha - get_captcha_imgtostr - 16 - DEBUG : A4jtTn
2024-09-02 17:03:25,978 : utils-readcaptcha - get_captcha_imgtostr - 16 - DEBUG : A4jtTn
2024-09-02 17:03:25,978 : utils-readcaptcha - get_captcha_imgtostr - 16 - DEBUG : A4jtTn
2024-09-02 17:03:25,978 : utils-readcaptcha - get_captcha_imgtostr - 16 - DEBUG : A4jtTn
2024-09-02 17:03:25,978 : utils-readcaptcha - get_captcha_imgtostr - 16 - DEBUG : A4jtTn
2024-09-02 17:03:25,978 : utils-readcaptcha - get_captcha_imgtostr - 16 - DEBUG : A4jtTn
2024-09-02 17:03:25,978 : utils-readcaptcha - get_captcha_imgtostr - 16 - DEBUG : A4jtTn
2024-09-02 17:03:25,978 : utils-readcaptcha - get_captcha_imgtostr - 16 - DEBUG : A4jtTn
2024-09-02 17:03:25,978 : utils-readcaptcha - get_captcha_imgtostr - 16 - DEBUG : A4jtTn
2024-09-02 17:03:25,978 : utils-readcaptcha - get_captcha_imgtostr - 16 - DEBUG : A4jtTn
2024-09-02 17:03:25,978 : utils-readcaptcha - get_captcha_imgtostr - 16 - DEBUG : A4jtTn
2024-09-02 17:03:31,427 : utils-readcaptcha - get_captcha_imgtostr - 16 - DEBUG : qRnv
2024-09-02 17:03:31,427 : utils-readcaptcha - get_captcha_imgtostr - 16 - DEBUG : qRnv
2024-09-02 17:03:31,427 : utils-readcaptcha - get_captcha_imgtostr - 16 - DEBUG : qRnv
2024-09-02 17:03:31,427 : utils-readcaptcha - get_captcha_imgtostr - 16 - DEBUG : qRnv
2024-09-02 17:03:31,427 : utils-readcaptcha - get_captcha_imgtostr - 16 - DEBUG : qRnv
2024-09-02 17:03:31,427 : utils-readcaptcha - get_captcha_imgtostr - 16 - DEBUG : qRnv
2024-09-02 17:03:31,427 : utils-readcaptcha - get_captcha_imgtostr - 16 - DEBUG : qRnv
2024-09-02 17:03:31,427 : utils-readcaptcha - get_captcha_imgtostr - 16 - DEBUG : qRnv
2024-09-02 17:03:31,427 : utils-readcaptcha - get_captcha_imgtostr - 16 - DEBUG : qRnv
2024-09-02 17:03:31,427 : utils-readcaptcha - get_captcha_imgtostr - 16 - DEBUG : qRnv
2024-09-02 17:03:31,427 : utils-readcaptcha - get_captcha_imgtostr - 16 - DEBUG : qRnv
2024-09-02 17:03:31,427 : utils-readcaptcha - get_captcha_imgtostr - 16 - DEBUG : qRnv
2024-09-02 17:03:31,427 : utils-readcaptcha - get_captcha_imgtostr - 16 - DEBUG : qRnv
2024-09-02 17:03:31,427 : utils-readcaptcha - get_captcha_imgtostr - 16 - DEBUG : qRnv
2024-09-02 17:03:31,427 : utils-readcaptcha - get_captcha_imgtostr - 16 - DEBUG : qRnv
2024-09-02 17:03:31,427 : utils-readcaptcha - get_captcha_imgtostr - 16 - DEBUG : qRnv
2024-09-02 17:03:31,427 : utils-readcaptcha - get_captcha_imgtostr - 16 - DEBUG : qRnv
2024-09-02 17:03:31,427 : utils-readcaptcha - get_captcha_imgtostr - 16 - DEBUG : qRnv
2024-09-02 17:03:31,427 : utils-readcaptcha - get_captcha_imgtostr - 16 - DEBUG : qRnv
2024-09-02 17:03:31,427 : utils-readcaptcha - get_captcha_imgtostr - 16 - DEBUG : qRnv
2024-09-02 17:03:31,427 : utils-readcaptcha - get_captcha_imgtostr - 16 - DEBUG : qRnv
2024-09-02 17:03:31,427 : utils-readcaptcha - get_captcha_imgtostr - 16 - DEBUG : qRnv
2024-09-02 17:03:31,427 : utils-readcaptcha - get_captcha_imgtostr - 16 - DEBUG : qRnv
2024-09-02 17:03:31,427 : utils-readcaptcha - get_captcha_imgtostr - 16 - DEBUG : qRnv
2024-09-02 17:03:31,427 : utils-readcaptcha - get_captcha_imgtostr - 16 - DEBUG : qRnv
2024-09-02 17:03:37,675 : utils-readcaptcha - get_captcha_imgtostr - 16 - DEBUG : PV=Qmm
2024-09-02 17:03:37,675 : utils-readcaptcha - get_captcha_imgtostr - 16 - DEBUG : PV=Qmm
2024-09-02 17:03:37,675 : utils-readcaptcha - get_captcha_imgtostr - 16 - DEBUG : PV=Qmm
2024-09-02 17:03:37,675 : utils-readcaptcha - get_captcha_imgtostr - 16 - DEBUG : PV=Qmm
2024-09-02 17:03:37,675 : utils-readcaptcha - get_captcha_imgtostr - 16 - DEBUG : PV=Qmm
2024-09-02 17:03:37,675 : utils-readcaptcha - get_captcha_imgtostr - 16 - DEBUG : PV=Qmm
2024-09-02 17:03:37,675 : utils-readcaptcha - get_captcha_imgtostr - 16 - DEBUG : PV=Qmm
2024-09-02 17:03:37,675 : utils-readcaptcha - get_captcha_imgtostr - 16 - DEBUG : PV=Qmm
2024-09-02 17:03:37,675 : utils-readcaptcha - get_captcha_imgtostr - 16 - DEBUG : PV=Qmm
2024-09-02 17:03:37,675 : utils-readcaptcha - get_captcha_imgtostr - 16 - DEBUG : PV=Qmm
2024-09-02 17:03:37,675 : utils-readcaptcha - get_captcha_imgtostr - 16 - DEBUG : PV=Qmm
2024-09-02 17:03:37,675 : utils-readcaptcha - get_captcha_imgtostr - 16 - DEBUG : PV=Qmm
2024-09-02 17:03:37,675 : utils-readcaptcha - get_captcha_imgtostr - 16 - DEBUG : PV=Qmm
2024-09-02 17:03:37,675 : utils-readcaptcha - get_captcha_imgtostr - 16 - DEBUG : PV=Qmm
2024-09-02 17:03:37,675 : utils-readcaptcha - get_captcha_imgtostr - 16 - DEBUG : PV=Qmm
2024-09-02 17:03:37,675 : utils-readcaptcha - get_captcha_imgtostr - 16 - DEBUG : PV=Qmm
2024-09-02 17:03:37,675 : utils-readcaptcha - get_captcha_imgtostr - 16 - DEBUG : PV=Qmm
2024-09-02 17:03:37,675 : utils-readcaptcha - get_captcha_imgtostr - 16 - DEBUG : PV=Qmm
2024-09-02 17:03:37,675 : utils-readcaptcha - get_captcha_imgtostr - 16 - DEBUG : PV=Qmm
2024-09-02 17:03:37,675 : utils-readcaptcha - get_captcha_imgtostr - 16 - DEBUG : PV=Qmm
2024-09-02 17:03:37,675 : utils-readcaptcha - get_captcha_imgtostr - 16 - DEBUG : PV=Qmm
2024-09-02 17:03:37,675 : utils-readcaptcha - get_captcha_imgtostr - 16 - DEBUG : PV=Qmm
2024-09-02 17:03:37,675 : utils-readcaptcha - get_captcha_imgtostr - 16 - DEBUG : PV=Qmm
2024-09-02 17:03:37,675 : utils-readcaptcha - get_captcha_imgtostr - 16 - DEBUG : PV=Qmm
2024-09-02 17:03:37,675 : utils-readcaptcha - get_captcha_imgtostr - 16 - DEBUG : PV=Qmm
2024-09-02 17:03:37,675 : utils-readcaptcha - get_captcha_imgtostr - 16 - DEBUG : PV=Qmm
2024-09-02 17:03:43,675 : utils-readcaptcha - get_captcha_imgtostr - 16 - DEBUG : VFK4
2024-09-02 17:03:43,675 : utils-readcaptcha - get_captcha_imgtostr - 16 - DEBUG : VFK4
2024-09-02 17:03:43,675 : utils-readcaptcha - get_captcha_imgtostr - 16 - DEBUG : VFK4
2024-09-02 17:03:43,675 : utils-readcaptcha - get_captcha_imgtostr - 16 - DEBUG : VFK4
2024-09-02 17:03:43,675 : utils-readcaptcha - get_captcha_imgtostr - 16 - DEBUG : VFK4
2024-09-02 17:03:43,675 : utils-readcaptcha - get_captcha_imgtostr - 16 - DEBUG : VFK4
2024-09-02 17:03:43,675 : utils-readcaptcha - get_captcha_imgtostr - 16 - DEBUG : VFK4
2024-09-02 17:03:43,675 : utils-readcaptcha - get_captcha_imgtostr - 16 - DEBUG : VFK4
2024-09-02 17:03:43,675 : utils-readcaptcha - get_captcha_imgtostr - 16 - DEBUG : VFK4
2024-09-02 17:03:43,675 : utils-readcaptcha - get_captcha_imgtostr - 16 - DEBUG : VFK4
2024-09-02 17:03:43,675 : utils-readcaptcha - get_captcha_imgtostr - 16 - DEBUG : VFK4
2024-09-02 17:03:43,675 : utils-readcaptcha - get_captcha_imgtostr - 16 - DEBUG : VFK4
2024-09-02 17:03:43,675 : utils-readcaptcha - get_captcha_imgtostr - 16 - DEBUG : VFK4
2024-09-02 17:03:43,675 : utils-readcaptcha - get_captcha_imgtostr - 16 - DEBUG : VFK4
2024-09-02 17:03:43,675 : utils-readcaptcha - get_captcha_imgtostr - 16 - DEBUG : VFK4
2024-09-02 17:03:43,675 : utils-readcaptcha - get_captcha_imgtostr - 16 - DEBUG : VFK4
2024-09-02 17:03:43,675 : utils-readcaptcha - get_captcha_imgtostr - 16 - DEBUG : VFK4
2024-09-02 17:03:43,675 : utils-readcaptcha - get_captcha_imgtostr - 16 - DEBUG : VFK4
2024-09-02 17:03:43,675 : utils-readcaptcha - get_captcha_imgtostr - 16 - DEBUG : VFK4
2024-09-02 17:03:43,675 : utils-readcaptcha - get_captcha_imgtostr - 16 - DEBUG : VFK4
2024-09-02 17:03:43,675 : utils-readcaptcha - get_captcha_imgtostr - 16 - DEBUG : VFK4
2024-09-02 17:03:43,675 : utils-readcaptcha - get_captcha_imgtostr - 16 - DEBUG : VFK4
2024-09-02 17:03:43,675 : utils-readcaptcha - get_captcha_imgtostr - 16 - DEBUG : VFK4
2024-09-02 17:03:43,675 : utils-readcaptcha - get_captcha_imgtostr - 16 - DEBUG : VFK4
2024-09-02 17:03:43,675 : utils-readcaptcha - get_captcha_imgtostr - 16 - DEBUG : VFK4
2024-09-02 17:03:43,675 : utils-readcaptcha - get_captcha_imgtostr - 16 - DEBUG : VFK4
2024-09-02 17:03:43,675 : utils-readcaptcha - get_captcha_imgtostr - 16 - DEBUG : VFK4
2024-09-02 17:03:49,732 : utils-readcaptcha - get_captcha_imgtostr - 16 - DEBUG : Rd7Z
2024-09-02 17:03:49,732 : utils-readcaptcha - get_captcha_imgtostr - 16 - DEBUG : Rd7Z
2024-09-02 17:03:49,732 : utils-readcaptcha - get_captcha_imgtostr - 16 - DEBUG : Rd7Z
2024-09-02 17:03:49,732 : utils-readcaptcha - get_captcha_imgtostr - 16 - DEBUG : Rd7Z
2024-09-02 17:03:49,732 : utils-readcaptcha - get_captcha_imgtostr - 16 - DEBUG : Rd7Z
2024-09-02 17:03:49,732 : utils-readcaptcha - get_captcha_imgtostr - 16 - DEBUG : Rd7Z
2024-09-02 17:03:49,732 : utils-readcaptcha - get_captcha_imgtostr - 16 - DEBUG : Rd7Z
2024-09-02 17:03:49,732 : utils-readcaptcha - get_captcha_imgtostr - 16 - DEBUG : Rd7Z
2024-09-02 17:03:49,732 : utils-readcaptcha - get_captcha_imgtostr - 16 - DEBUG : Rd7Z
2024-09-02 17:03:49,732 : utils-readcaptcha - get_captcha_imgtostr - 16 - DEBUG : Rd7Z
2024-09-02 17:03:49,732 : utils-readcaptcha - get_captcha_imgtostr - 16 - DEBUG : Rd7Z
2024-09-02 17:03:49,732 : utils-readcaptcha - get_captcha_imgtostr - 16 - DEBUG : Rd7Z
2024-09-02 17:03:49,732 : utils-readcaptcha - get_captcha_imgtostr - 16 - DEBUG : Rd7Z
2024-09-02 17:03:49,732 : utils-readcaptcha - get_captcha_imgtostr - 16 - DEBUG : Rd7Z
2024-09-02 17:03:49,732 : utils-readcaptcha - get_captcha_imgtostr - 16 - DEBUG : Rd7Z
2024-09-02 17:03:49,732 : utils-readcaptcha - get_captcha_imgtostr - 16 - DEBUG : Rd7Z
2024-09-02 17:03:49,732 : utils-readcaptcha - get_captcha_imgtostr - 16 - DEBUG : Rd7Z
2024-09-02 17:03:49,732 : utils-readcaptcha - get_captcha_imgtostr - 16 - DEBUG : Rd7Z
2024-09-02 17:03:49,732 : utils-readcaptcha - get_captcha_imgtostr - 16 - DEBUG : Rd7Z
2024-09-02 17:03:49,732 : utils-readcaptcha - get_captcha_imgtostr - 16 - DEBUG : Rd7Z
2024-09-02 17:03:49,732 : utils-readcaptcha - get_captcha_imgtostr - 16 - DEBUG : Rd7Z
2024-09-02 17:03:49,732 : utils-readcaptcha - get_captcha_imgtostr - 16 - DEBUG : Rd7Z
2024-09-02 17:03:49,732 : utils-readcaptcha - get_captcha_imgtostr - 16 - DEBUG : Rd7Z
2024-09-02 17:03:49,732 : utils-readcaptcha - get_captcha_imgtostr - 16 - DEBUG : Rd7Z
2024-09-02 17:03:49,732 : utils-readcaptcha - get_captcha_imgtostr - 16 - DEBUG : Rd7Z
2024-09-02 17:03:49,732 : utils-readcaptcha - get_captcha_imgtostr - 16 - DEBUG : Rd7Z
2024-09-02 17:03:49,732 : utils-readcaptcha - get_captcha_imgtostr - 16 - DEBUG : Rd7Z
2024-09-02 17:03:49,732 : utils-readcaptcha - get_captcha_imgtostr - 16 - DEBUG : Rd7Z
2024-09-02 17:03:56,193 : utils-readcaptcha - get_captcha_imgtostr - 16 - DEBUG : rReP
2024-09-02 17:03:56,193 : utils-readcaptcha - get_captcha_imgtostr - 16 - DEBUG : rReP
2024-09-02 17:03:56,193 : utils-readcaptcha - get_captcha_imgtostr - 16 - DEBUG : rReP
2024-09-02 17:03:56,193 : utils-readcaptcha - get_captcha_imgtostr - 16 - DEBUG : rReP
2024-09-02 17:03:56,193 : utils-readcaptcha - get_captcha_imgtostr - 16 - DEBUG : rReP
2024-09-02 17:03:56,193 : utils-readcaptcha - get_captcha_imgtostr - 16 - DEBUG : rReP
2024-09-02 17:03:56,193 : utils-readcaptcha - get_captcha_imgtostr - 16 - DEBUG : rReP
2024-09-02 17:03:56,193 : utils-readcaptcha - get_captcha_imgtostr - 16 - DEBUG : rReP
2024-09-02 17:03:56,193 : utils-readcaptcha - get_captcha_imgtostr - 16 - DEBUG : rReP
2024-09-02 17:03:56,193 : utils-readcaptcha - get_captcha_imgtostr - 16 - DEBUG : rReP
2024-09-02 17:03:56,193 : utils-readcaptcha - get_captcha_imgtostr - 16 - DEBUG : rReP
2024-09-02 17:03:56,193 : utils-readcaptcha - get_captcha_imgtostr - 16 - DEBUG : rReP
2024-09-02 17:03:56,193 : utils-readcaptcha - get_captcha_imgtostr - 16 - DEBUG : rReP
2024-09-02 17:03:56,193 : utils-readcaptcha - get_captcha_imgtostr - 16 - DEBUG : rReP
2024-09-02 17:03:56,193 : utils-readcaptcha - get_captcha_imgtostr - 16 - DEBUG : rReP
2024-09-02 17:03:56,193 : utils-readcaptcha - get_captcha_imgtostr - 16 - DEBUG : rReP
2024-09-02 17:03:56,193 : utils-readcaptcha - get_captcha_imgtostr - 16 - DEBUG : rReP
2024-09-02 17:03:56,193 : utils-readcaptcha - get_captcha_imgtostr - 16 - DEBUG : rReP
2024-09-02 17:03:56,193 : utils-readcaptcha - get_captcha_imgtostr - 16 - DEBUG : rReP
2024-09-02 17:03:56,193 : utils-readcaptcha - get_captcha_imgtostr - 16 - DEBUG : rReP
2024-09-02 17:03:56,193 : utils-readcaptcha - get_captcha_imgtostr - 16 - DEBUG : rReP
2024-09-02 17:03:56,193 : utils-readcaptcha - get_captcha_imgtostr - 16 - DEBUG : rReP
2024-09-02 17:03:56,193 : utils-readcaptcha - get_captcha_imgtostr - 16 - DEBUG : rReP
2024-09-02 17:03:56,193 : utils-readcaptcha - get_captcha_imgtostr - 16 - DEBUG : rReP
2024-09-02 17:03:56,193 : utils-readcaptcha - get_captcha_imgtostr - 16 - DEBUG : rReP
2024-09-02 17:03:56,193 : utils-readcaptcha - get_captcha_imgtostr - 16 - DEBUG : rReP
2024-09-02 17:03:56,193 : utils-readcaptcha - get_captcha_imgtostr - 16 - DEBUG : rReP
2024-09-02 17:03:56,193 : utils-readcaptcha - get_captcha_imgtostr - 16 - DEBUG : rReP
2024-09-02 17:03:56,193 : utils-readcaptcha - get_captcha_imgtostr - 16 - DEBUG : rReP
2024-09-06 21:15:15,872 : utils-readcaptcha - get_captcha_imgtostr - 16 - DEBUG : 49 +0
2024-09-07 11:10:02,355 : utils-readcaptcha - get_captcha_imgtostr - 16 - DEBUG : 70 +80 =?
2024-09-07 11:17:12,256 : utils-readcaptcha - get_captcha_imgtostr - 16 - DEBUG : 41+70=?
2024-09-07 11:18:20,485 : utils-readcaptcha - get_captcha_imgtostr - 16 - DEBUG : 
2024-09-07 11:19:13,858 : utils-readcaptcha - get_captcha_imgtostr - 16 - DEBUG : 58-10
2024-09-07 11:23:19,035 : utils-readcaptcha - get_captcha_imgtostr - 16 - DEBUG : YtbqwP
2024-09-07 11:24:44,953 : utils-readcaptcha - get_captcha_imgtostr - 16 - DEBUG : 17+40=?
2024-09-07 11:26:22,509 : utils-readcaptcha - get_captcha_imgtostr - 16 - DEBUG : 
2024-09-07 11:27:15,963 : utils-readcaptcha - get_captcha_imgtostr - 16 - DEBUG : 19+ 40 =?
2024-09-07 11:29:09,243 : utils-readcaptcha - get_captcha_imgtostr - 16 - DEBUG : 54-20
2024-09-07 11:33:59,145 : utils-readcaptcha - get_captcha_imgtostr - 16 - DEBUG : 95 +20 =?
2024-09-07 11:35:23,723 : utils-readcaptcha - get_captcha_imgtostr - 16 - DEBUG : 50-10
2024-09-07 11:36:54,437 : utils-readcaptcha - get_captcha_imgtostr - 16 - DEBUG : 89 +60 =?
2024-09-08 12:10:07,710 : utils-readcaptcha - get_captcha_imgtostr - 16 - DEBUG : 75 +60=?
2024-09-08 12:17:09,199 : utils-readcaptcha - get_captcha_imgtostr - 16 - DEBUG : 15+20=?
2024-09-08 12:20:09,066 : utils-readcaptcha - get_captcha_imgtostr - 16 - DEBUG : 54+70=?
2024-09-09 11:00:18,405 : utils-readcaptcha - get_captcha_imgtostr - 16 - DEBUG : 83 +20=?
2024-09-09 11:54:06,216 : utils-readcaptcha - get_captcha_imgtostr - 16 - DEBUG : 47+10=?
2024-09-09 12:32:37,528 : utils-readcaptcha - get_captcha_imgtostr - 16 - DEBUG : 29 .an-90
2024-09-09 12:33:48,352 : utils-readcaptcha - get_captcha_imgtostr - 16 - DEBUG : 54-0=?
2024-09-09 12:33:48,352 : utils-readcaptcha - get_captcha_imgtostr - 16 - DEBUG : 54-0=?
2024-09-09 12:49:57,614 : utils-readcaptcha - get_captcha_imgtostr - 16 - DEBUG : 52+60=?
2024-09-09 12:56:20,930 : utils-readcaptcha - get_captcha_imgtostr - 16 - DEBUG : 83 +60 =?
2024-09-09 12:57:41,598 : utils-readcaptcha - get_captcha_imgtostr - 16 - DEBUG : 43+40=?
2024-09-09 12:57:41,598 : utils-readcaptcha - get_captcha_imgtostr - 16 - DEBUG : 43+40=?
